TN:
SF:node_modules/.pnpm/@esm-bundle+chai@4.3.4-fix.0/node_modules/@esm-bundle/chai/input.js
FNF:0
FNH:0
DA:1,5
DA:2,5
DA:3,5
DA:4,5
DA:5,5
DA:6,5
DA:7,5
DA:8,5
DA:9,5
DA:10,5
DA:11,5
DA:12,5
DA:13,5
DA:14,5
LF:14
LH:14
BRF:0
BRH:0
end_of_record
TN:
SF:node_modules/.pnpm/@esm-bundle+chai@4.3.4-fix.0/node_modules/@esm-bundle/chai/node_modules/.pnpm/chai@4.3.4/node_modules/chai/chai.js
FN:1,e2
FN:1,i2
FN:1,n.exports.1../lib/chai
FN:4,n.exports.2../chai/assertion
FN:41,n2.use
FN:98,n.exports.3../config
FN:108,t2.exports
FN:160,i2
FN:170,get
FN:174,set
FN:181,get
FN:185,set
FN:191,i2.addProperty
FN:195,i2.addMethod
FN:199,i2.addChainableMethod
FN:203,i2.overwriteProperty
FN:207,i2.overwriteMethod
FN:211,i2.overwriteChainableMethod
FN:230,i2.assert
FN:266,get
FN:269,set
FN:275,n.exports.4
FN:371,n.exports.5
FN:379,t2.exports
FN:672,i2
FN:835,s2
FN:839,a2
FN:843,c2
FN:1206,u2
FN:1342,f2
FN:1400,p2
FN:1465,l2
FN:1523,h2
FN:1628,d
FN:1732,y
FN:1837,b
FN:2038,g
FN:2187,w
FN:2276,m
FN:2403,v
FN:2491,x
FN:2495,O
FN:2554,j
FN:2710,M
FN:3004,P
FN:3199,N
FN:3279,E
FN:3333,S
FN:3361,k
FN:3532,A
FN:3667,D
FN:3784,T
FN:3903,q
FN:4009,C
FN:4226,n.exports.6
FN:4233,t2.exports
FN:4260,e3.assert
FN:4291,r2.fail
FN:4323,r2.isOk
FN:4343,r2.isNotOk
FN:4362,r2.equal
FN:4390,r2.notEqual
FN:4418,r2.strictEqual
FN:4437,r2.notStrictEqual
FN:4457,r2.deepEqual.r2.deepStrictEqual
FN:4476,r2.notDeepEqual
FN:4495,r2.isAbove
FN:4515,r2.isAtLeast
FN:4534,r2.isBelow
FN:4554,r2.isAtMost
FN:4573,r2.isTrue
FN:4592,r2.isNotTrue
FN:4611,r2.isFalse
FN:4630,r2.isNotFalse
FN:4648,r2.isNull
FN:4667,r2.isNotNull
FN:4685,r2.isNaN
FN:4702,r2.isNotNaN
FN:4722,r2.exists
FN:4744,r2.notExists
FN:4763,r2.isUndefined
FN:4782,r2.isDefined
FN:4801,r2.isFunction
FN:4820,r2.isNotFunction
FN:4840,r2.isObject
FN:4860,r2.isNotObject
FN:4879,r2.isArray
FN:4898,r2.isNotArray
FN:4917,r2.isString
FN:4936,r2.isNotString
FN:4955,r2.isNumber
FN:4974,r2.isNotNumber
FN:4995,r2.isFinite
FN:5017,r2.isBoolean
FN:5039,r2.isNotBoolean
FN:5064,r2.typeOf
FN:5084,r2.notTypeOf
FN:5106,r2.instanceOf
FN:5128,r2.notInstanceOf
FN:5164,r2.include
FN:5200,r2.notInclude
FN:5225,r2.deepInclude
FN:5250,r2.notDeepInclude
FN:5275,r2.nestedInclude
FN:5300,r2.notNestedInclude
FN:5326,r2.deepNestedInclude
FN:5352,r2.notDeepNestedInclude
FN:5374,r2.ownInclude
FN:5397,r2.notOwnInclude
FN:5418,r2.deepOwnInclude
FN:5440,r2.notDeepOwnInclude
FN:5460,r2.match
FN:5479,r2.notMatch
FN:5500,r2.property
FN:5520,r2.notProperty
FN:5543,r2.propertyVal
FN:5567,r2.notPropertyVal
FN:5589,r2.deepPropertyVal
FN:5613,r2.notDeepPropertyVal
FN:5633,r2.ownProperty
FN:5654,r2.notOwnProperty
FN:5676,r2.ownPropertyVal
FN:5699,r2.notOwnPropertyVal
FN:5721,r2.deepOwnPropertyVal
FN:5746,r2.notDeepOwnPropertyVal
FN:5768,r2.nestedProperty
FN:5790,r2.notNestedProperty
FN:5813,r2.nestedPropertyVal
FN:5837,r2.notNestedPropertyVal
FN:5860,r2.deepNestedPropertyVal
FN:5885,r2.notDeepNestedPropertyVal
FN:5908,r2.lengthOf
FN:5932,r2.hasAnyKeys
FN:5956,r2.hasAllKeys
FN:5984,r2.containsAllKeys
FN:6009,r2.doesNotHaveAnyKeys
FN:6034,r2.doesNotHaveAllKeys
FN:6063,r2.hasAnyDeepKeys
FN:6090,r2.hasAllDeepKeys
FN:6117,r2.containsAllDeepKeys
FN:6144,r2.doesNotHaveAnyDeepKeys
FN:6171,r2.doesNotHaveAllDeepKeys
FN:6207,r2.throws
FN:6247,r2.doesNotThrow
FN:6274,r2.operator
FN:6332,r2.closeTo
FN:6352,r2.approximately
FN:6373,r2.sameMembers
FN:6394,r2.notSameMembers
FN:6415,r2.sameDeepMembers
FN:6436,r2.notSameDeepMembers
FN:6457,r2.sameOrderedMembers
FN:6478,r2.notSameOrderedMembers
FN:6499,r2.sameDeepOrderedMembers
FN:6521,r2.notSameDeepOrderedMembers
FN:6542,r2.includeMembers
FN:6563,r2.notIncludeMembers
FN:6584,r2.includeDeepMembers
FN:6605,r2.notIncludeDeepMembers
FN:6627,r2.includeOrderedMembers
FN:6650,r2.notIncludeOrderedMembers
FN:6672,r2.includeDeepOrderedMembers
FN:6696,r2.notIncludeDeepOrderedMembers
FN:6716,r2.oneOf
FN:6738,r2.changes
FN:6766,r2.changesBy
FN:6798,r2.doesNotChange
FN:6827,r2.changesButNotBy
FN:6859,r2.increases
FN:6888,r2.increasesBy
FN:6920,r2.doesNotIncrease
FN:6949,r2.increasesButNotBy
FN:6981,r2.decreases
FN:7010,r2.decreasesBy
FN:7042,r2.doesNotDecrease
FN:7071,r2.doesNotDecreaseBy
FN:7104,r2.decreasesButNotBy
FN:7134,r2.ifError
FN:7155,r2.isExtensible
FN:7180,r2.isNotExtensible
FN:7204,r2.isSealed
FN:7223,r2.isNotSealed
FN:7244,r2.isFrozen
FN:7263,r2.isNotFrozen
FN:7289,r2.isEmpty
FN:7315,r2.isNotEmpty
FN:7323,e4
FN:7341,n.exports.7
FN:7348,t2.exports
FN:7349,e3.expect
FN:7375,e3.expect.fail
FN:7390,n.exports.8
FN:7397,t2.exports
FN:7400,o2
FN:7611,n.exports.9.../../chai
FN:7637,u2
FN:7684,t2.exports
FN:7686,u3
FN:7701,get
FN:7704,n4
FN:7765,n.exports.10
FN:7808,t2.exports
FN:7812,get
FN:7827,n.exports.11.../../chai
FN:7866,t2.exports
FN:7867,c2
FN:7897,n.exports.12.../../chai
FN:7935,t2.exports
FN:7936,n3
FN:7939,e4
FN:7971,n.exports.13../inspect
FN:8000,t2.exports
FN:8004,n.exports.14../flag
FN:8029,t2.exports
FN:8057,n.exports.15
FN:8083,t2.exports
FN:8092,n.exports.16
FN:8110,t2.exports
FN:8114,n.exports.17
FN:8134,t2.exports
FN:8142,n.exports.18../flag
FN:8176,t2.exports
FN:8194,n.exports.19../flag
FN:8199,i2
FN:8222,t2.exports
FN:8251,n.exports.20../getOwnEnumerablePropertySymbols
FN:8278,t2.exports
FN:8282,n.exports.21
FN:8303,t2.exports
FN:8311,n.exports.22
FN:8331,t2.exports
FN:8349,n.exports.23../addChainableMethod
FN:8528,n.exports.24.../config
FN:8554,a2
FN:8564,c2
FN:8576,u2
FN:8727,f2
FN:8759,p2
FN:8763,l2
FN:8783,h2
FN:8803,d
FN:8865,y
FN:8882,b
FN:8888,g
FN:8893,w
FN:8897,m
FN:8901,v
FN:8905,x
FN:8909,n.exports.25
FN:8928,o2
FN:8937,n.exports.26.../config
FN:8957,t2.exports
FN:8963,n.exports.27.../config
FN:8990,t2.exports
FN:9015,n.exports.28.../../chai
FN:9058,t2.exports
FN:9062,s2.chainingBehavior
FN:9074,s2.method
FN:9086,n.exports.29.../../chai
FN:9133,t2.exports
FN:9135,u2
FN:9142,f2
FN:9180,n.exports.30.../../chai
FN:9226,t2.exports
FN:9228,c2
FN:9234,e4
FN:9274,n.exports.31.../config
FN:9387,c2
FN:9307,t2.exports
FN:9311,e4
FN:9423,n.exports.32../flag
FN:9447,t2.exports
FN:9453,n.exports.33
FN:9483,t2.exports
FN:9500,n.exports.34
FN:9516,o2
FN:9555,r2
FN:9606,r2.toJSON
FN:9618,n.exports.35
FN:9649,o2
FN:9669,r2
FN:9695,i2
FN:9719,a2
FN:9745,c2
FN:9773,u2
FN:9792,n.exports.36.type-detect
FN:9802,r2
FN:9807,get
FN:9810,set
FN:9829,s2
FN:9852,a2
FN:9886,c2
FN:9907,u2
FN:9943,f2
FN:9989,p2
FN:10041,l2
FN:10054,h2
FN:10082,d
FN:10108,y
FN:10118,b
FN:10132,g
FN:10149,w
FN:10165,m
FN:10183,v
FN:10206,x
FN:10245,O
FN:10249,n.exports.37
FN:10273,i2
FN:10295,n.exports.38
FN:10342,o2
FN:10370,r2
FN:10409,i2
FN:10446,s2
FN:10500,a2
FN:10547,c2
FN:10585,u2
FN:10598,n.exports.39
FN:10643,x
FNF:318
FNH:106
FNDA:5,e2
FNDA:435,i2
FNDA:5,n.exports.1../lib/chai
FNDA:5,n.exports.2../chai/assertion
FNDA:45,n2.use
FNDA:5,n.exports.3../config
FNDA:5,t2.exports
FNDA:802,i2
FNDA:0,get
FNDA:0,set
FNDA:0,get
FNDA:0,set
FNDA:230,i2.addProperty
FNDA:295,i2.addMethod
FNDA:45,i2.addChainableMethod
FNDA:20,i2.overwriteProperty
FNDA:20,i2.overwriteMethod
FNDA:10,i2.overwriteChainableMethod
FNDA:198,i2.assert
FNDA:49,get
FNDA:0,set
FNDA:5,n.exports.4
FNDA:5,n.exports.5
FNDA:5,t2.exports
FNDA:0,i2
FNDA:0,s2
FNDA:13,a2
FNDA:13,c2
FNDA:80,u2
FNDA:0,f2
FNDA:49,p2
FNDA:1,l2
FNDA:5,h2
FNDA:0,d
FNDA:1,y
FNDA:0,b
FNDA:0,g
FNDA:5,w
FNDA:0,m
FNDA:0,v
FNDA:14,x
FNDA:4,O
FNDA:0,j
FNDA:0,M
FNDA:0,P
FNDA:0,N
FNDA:0,E
FNDA:0,S
FNDA:0,k
FNDA:0,A
FNDA:0,D
FNDA:0,T
FNDA:0,q
FNDA:0,C
FNDA:5,n.exports.6
FNDA:5,t2.exports
FNDA:0,e3.assert
FNDA:0,r2.fail
FNDA:0,r2.isOk
FNDA:0,r2.isNotOk
FNDA:0,r2.equal
FNDA:0,r2.notEqual
FNDA:0,r2.strictEqual
FNDA:0,r2.notStrictEqual
FNDA:0,r2.deepEqual.r2.deepStrictEqual
FNDA:0,r2.notDeepEqual
FNDA:0,r2.isAbove
FNDA:0,r2.isAtLeast
FNDA:0,r2.isBelow
FNDA:0,r2.isAtMost
FNDA:0,r2.isTrue
FNDA:0,r2.isNotTrue
FNDA:0,r2.isFalse
FNDA:0,r2.isNotFalse
FNDA:0,r2.isNull
FNDA:0,r2.isNotNull
FNDA:0,r2.isNaN
FNDA:0,r2.isNotNaN
FNDA:0,r2.exists
FNDA:0,r2.notExists
FNDA:0,r2.isUndefined
FNDA:0,r2.isDefined
FNDA:0,r2.isFunction
FNDA:0,r2.isNotFunction
FNDA:0,r2.isObject
FNDA:0,r2.isNotObject
FNDA:0,r2.isArray
FNDA:0,r2.isNotArray
FNDA:0,r2.isString
FNDA:0,r2.isNotString
FNDA:0,r2.isNumber
FNDA:0,r2.isNotNumber
FNDA:0,r2.isFinite
FNDA:0,r2.isBoolean
FNDA:0,r2.isNotBoolean
FNDA:0,r2.typeOf
FNDA:0,r2.notTypeOf
FNDA:0,r2.instanceOf
FNDA:0,r2.notInstanceOf
FNDA:0,r2.include
FNDA:0,r2.notInclude
FNDA:0,r2.deepInclude
FNDA:0,r2.notDeepInclude
FNDA:0,r2.nestedInclude
FNDA:0,r2.notNestedInclude
FNDA:0,r2.deepNestedInclude
FNDA:0,r2.notDeepNestedInclude
FNDA:0,r2.ownInclude
FNDA:0,r2.notOwnInclude
FNDA:0,r2.deepOwnInclude
FNDA:0,r2.notDeepOwnInclude
FNDA:0,r2.match
FNDA:0,r2.notMatch
FNDA:0,r2.property
FNDA:0,r2.notProperty
FNDA:0,r2.propertyVal
FNDA:0,r2.notPropertyVal
FNDA:0,r2.deepPropertyVal
FNDA:0,r2.notDeepPropertyVal
FNDA:0,r2.ownProperty
FNDA:0,r2.notOwnProperty
FNDA:0,r2.ownPropertyVal
FNDA:0,r2.notOwnPropertyVal
FNDA:0,r2.deepOwnPropertyVal
FNDA:0,r2.notDeepOwnPropertyVal
FNDA:0,r2.nestedProperty
FNDA:0,r2.notNestedProperty
FNDA:0,r2.nestedPropertyVal
FNDA:0,r2.notNestedPropertyVal
FNDA:0,r2.deepNestedPropertyVal
FNDA:0,r2.notDeepNestedPropertyVal
FNDA:0,r2.lengthOf
FNDA:0,r2.hasAnyKeys
FNDA:0,r2.hasAllKeys
FNDA:0,r2.containsAllKeys
FNDA:0,r2.doesNotHaveAnyKeys
FNDA:0,r2.doesNotHaveAllKeys
FNDA:0,r2.hasAnyDeepKeys
FNDA:0,r2.hasAllDeepKeys
FNDA:0,r2.containsAllDeepKeys
FNDA:0,r2.doesNotHaveAnyDeepKeys
FNDA:0,r2.doesNotHaveAllDeepKeys
FNDA:0,r2.throws
FNDA:0,r2.doesNotThrow
FNDA:0,r2.operator
FNDA:0,r2.closeTo
FNDA:0,r2.approximately
FNDA:0,r2.sameMembers
FNDA:0,r2.notSameMembers
FNDA:0,r2.sameDeepMembers
FNDA:0,r2.notSameDeepMembers
FNDA:0,r2.sameOrderedMembers
FNDA:0,r2.notSameOrderedMembers
FNDA:0,r2.sameDeepOrderedMembers
FNDA:0,r2.notSameDeepOrderedMembers
FNDA:0,r2.includeMembers
FNDA:0,r2.notIncludeMembers
FNDA:0,r2.includeDeepMembers
FNDA:0,r2.notIncludeDeepMembers
FNDA:0,r2.includeOrderedMembers
FNDA:0,r2.notIncludeOrderedMembers
FNDA:0,r2.includeDeepOrderedMembers
FNDA:0,r2.notIncludeDeepOrderedMembers
FNDA:0,r2.oneOf
FNDA:0,r2.changes
FNDA:0,r2.changesBy
FNDA:0,r2.doesNotChange
FNDA:0,r2.changesButNotBy
FNDA:0,r2.increases
FNDA:0,r2.increasesBy
FNDA:0,r2.doesNotIncrease
FNDA:0,r2.increasesButNotBy
FNDA:0,r2.decreases
FNDA:0,r2.decreasesBy
FNDA:0,r2.doesNotDecrease
FNDA:0,r2.doesNotDecreaseBy
FNDA:0,r2.decreasesButNotBy
FNDA:0,r2.ifError
FNDA:0,r2.isExtensible
FNDA:0,r2.isNotExtensible
FNDA:0,r2.isSealed
FNDA:0,r2.isNotSealed
FNDA:0,r2.isFrozen
FNDA:0,r2.isNotFrozen
FNDA:0,r2.isEmpty
FNDA:0,r2.isNotEmpty
FNDA:60,e4
FNDA:5,n.exports.7
FNDA:5,t2.exports
FNDA:193,e3.expect
FNDA:0,e3.expect.fail
FNDA:5,n.exports.8
FNDA:5,t2.exports
FNDA:0,o2
FNDA:5,n.exports.9.../../chai
FNDA:0,u2
FNDA:45,t2.exports
FNDA:0,u3
FNDA:27,get
FNDA:26,n4
FNDA:5,n.exports.10
FNDA:432,t2.exports
FNDA:0,get
FNDA:5,n.exports.11.../../chai
FNDA:385,t2.exports
FNDA:69,c2
FNDA:5,n.exports.12.../../chai
FNDA:260,t2.exports
FNDA:254,n3
FNDA:366,e4
FNDA:5,n.exports.13../inspect
FNDA:0,t2.exports
FNDA:5,n.exports.14../flag
FNDA:0,t2.exports
FNDA:5,n.exports.15
FNDA:5737,t2.exports
FNDA:5,n.exports.16
FNDA:0,t2.exports
FNDA:5,n.exports.17
FNDA:0,t2.exports
FNDA:5,n.exports.18../flag
FNDA:0,t2.exports
FNDA:5,n.exports.19../flag
FNDA:0,i2
FNDA:0,t2.exports
FNDA:5,n.exports.20../getOwnEnumerablePropertySymbols
FNDA:0,t2.exports
FNDA:5,n.exports.21
FNDA:0,t2.exports
FNDA:5,n.exports.22
FNDA:0,t2.exports
FNDA:5,n.exports.23../addChainableMethod
FNDA:5,n.exports.24.../config
FNDA:36,a2
FNDA:0,c2
FNDA:36,u2
FNDA:36,f2
FNDA:0,p2
FNDA:0,l2
FNDA:0,h2
FNDA:0,d
FNDA:0,y
FNDA:0,b
FNDA:0,g
FNDA:0,w
FNDA:0,m
FNDA:0,v
FNDA:0,x
FNDA:5,n.exports.25
FNDA:0,o2
FNDA:5,n.exports.26.../config
FNDA:1680,t2.exports
FNDA:5,n.exports.27.../config
FNDA:0,t2.exports
FNDA:5,n.exports.28.../../chai
FNDA:10,t2.exports
FNDA:14,s2.chainingBehavior
FNDA:13,s2.method
FNDA:5,n.exports.29.../../chai
FNDA:20,t2.exports
FNDA:0,u2
FNDA:49,f2
FNDA:5,n.exports.30.../../chai
FNDA:20,t2.exports
FNDA:0,c2
FNDA:80,e4
FNDA:5,n.exports.31.../config
FNDA:0,c2
FNDA:1234,t2.exports
FNDA:4772,e4
FNDA:5,n.exports.32../flag
FNDA:198,t2.exports
FNDA:5,n.exports.33
FNDA:631,t2.exports
FNDA:5,n.exports.34
FNDA:0,o2
FNDA:0,r2
FNDA:0,r2.toJSON
FNDA:5,n.exports.35
FNDA:0,o2
FNDA:0,r2
FNDA:0,i2
FNDA:0,a2
FNDA:0,c2
FNDA:0,u2
FNDA:5,n.exports.36.type-detect
FNDA:0,r2
FNDA:0,get
FNDA:0,set
FNDA:2,s2
FNDA:2,a2
FNDA:7,c2
FNDA:7,u2
FNDA:1,f2
FNDA:1,p2
FNDA:0,l2
FNDA:0,h2
FNDA:1,d
FNDA:0,y
FNDA:0,b
FNDA:0,g
FNDA:0,w
FNDA:2,m
FNDA:1,v
FNDA:1,x
FNDA:10,O
FNDA:5,n.exports.37
FNDA:0,i2
FNDA:5,n.exports.38
FNDA:5,o2
FNDA:0,r2
FNDA:0,i2
FNDA:0,s2
FNDA:0,a2
FNDA:0,c2
FNDA:0,u2
FNDA:5,n.exports.39
FNDA:31,x
DA:1,5
DA:2,5
DA:3,5
DA:4,5
DA:5,5
DA:6,5
DA:7,5
DA:8,5
DA:9,5
DA:10,5
DA:11,5
DA:12,5
DA:13,5
DA:14,5
DA:15,5
DA:16,5
DA:17,5
DA:18,5
DA:19,5
DA:20,5
DA:21,5
DA:22,5
DA:23,5
DA:24,5
DA:25,5
DA:26,5
DA:27,5
DA:28,5
DA:29,5
DA:30,5
DA:31,5
DA:32,5
DA:33,5
DA:34,5
DA:35,5
DA:36,5
DA:37,5
DA:38,5
DA:39,5
DA:40,5
DA:41,5
DA:42,45
DA:43,45
DA:44,45
DA:45,45
DA:46,45
DA:47,45
DA:48,5
DA:49,5
DA:50,5
DA:51,5
DA:52,5
DA:53,5
DA:54,5
DA:55,5
DA:56,5
DA:57,5
DA:58,5
DA:59,5
DA:60,5
DA:61,5
DA:62,5
DA:63,5
DA:64,5
DA:65,5
DA:66,5
DA:67,5
DA:68,5
DA:69,5
DA:70,5
DA:71,5
DA:72,5
DA:73,5
DA:74,5
DA:75,5
DA:76,5
DA:77,5
DA:78,5
DA:79,5
DA:80,5
DA:81,5
DA:82,5
DA:83,5
DA:84,5
DA:85,5
DA:86,5
DA:87,5
DA:88,5
DA:89,5
DA:90,5
DA:91,5
DA:92,5
DA:93,5
DA:94,5
DA:95,5
DA:96,5
DA:97,5
DA:98,5
DA:99,5
DA:100,5
DA:101,5
DA:102,5
DA:103,5
DA:104,5
DA:105,5
DA:106,5
DA:107,5
DA:108,5
DA:109,5
DA:110,5
DA:111,5
DA:112,5
DA:113,5
DA:114,5
DA:115,5
DA:116,5
DA:117,5
DA:118,5
DA:119,5
DA:120,5
DA:121,5
DA:122,5
DA:123,5
DA:124,5
DA:125,5
DA:126,5
DA:127,5
DA:128,5
DA:129,5
DA:130,5
DA:131,5
DA:132,5
DA:133,5
DA:134,5
DA:135,5
DA:136,5
DA:137,5
DA:138,5
DA:139,5
DA:140,5
DA:141,5
DA:142,5
DA:143,5
DA:144,5
DA:145,5
DA:146,5
DA:147,5
DA:148,5
DA:149,5
DA:150,5
DA:151,5
DA:152,5
DA:153,5
DA:154,5
DA:155,5
DA:156,5
DA:157,5
DA:158,5
DA:159,5
DA:160,5
DA:161,802
DA:162,802
DA:163,802
DA:164,802
DA:165,802
DA:166,802
DA:167,5
DA:168,5
DA:169,5
DA:170,5
DA:171,0
DA:172,0
DA:173,5
DA:174,5
DA:175,0
DA:176,0
DA:177,5
DA:178,5
DA:179,5
DA:180,5
DA:181,5
DA:182,0
DA:183,0
DA:184,5
DA:185,5
DA:186,0
DA:187,0
DA:188,5
DA:189,5
DA:190,5
DA:191,5
DA:192,230
DA:193,5
DA:194,5
DA:195,5
DA:196,295
DA:197,5
DA:198,5
DA:199,5
DA:200,45
DA:201,5
DA:202,5
DA:203,5
DA:204,20
DA:205,5
DA:206,5
DA:207,5
DA:208,20
DA:209,5
DA:210,5
DA:211,5
DA:212,10
DA:213,5
DA:214,5
DA:215,5
DA:216,5
DA:217,5
DA:218,5
DA:219,5
DA:220,5
DA:221,5
DA:222,5
DA:223,5
DA:224,5
DA:225,5
DA:226,5
DA:227,5
DA:228,5
DA:229,5
DA:230,5
DA:231,198
DA:232,198
DA:233,198
DA:234,198
DA:235,198
DA:236,198
DA:237,0
DA:238,0
DA:239,0
DA:240,0
DA:241,0
DA:242,0
DA:243,0
DA:244,0
DA:245,0
DA:246,0
DA:247,0
DA:248,0
DA:249,0
DA:250,0
DA:251,0
DA:252,0
DA:253,0
DA:254,5
DA:255,5
DA:256,5
DA:257,5
DA:258,5
DA:259,5
DA:260,5
DA:261,5
DA:262,5
DA:263,5
DA:264,5
DA:265,5
DA:266,5
DA:267,49
DA:268,5
DA:269,5
DA:270,0
DA:271,5
DA:272,5
DA:273,5
DA:274,5
DA:275,5
DA:276,5
DA:277,5
DA:278,5
DA:279,5
DA:280,5
DA:281,5
DA:282,5
DA:283,5
DA:284,5
DA:285,5
DA:286,5
DA:287,5
DA:288,5
DA:289,5
DA:290,5
DA:291,5
DA:292,5
DA:293,5
DA:294,5
DA:295,5
DA:296,5
DA:297,5
DA:298,5
DA:299,5
DA:300,5
DA:301,5
DA:302,5
DA:303,5
DA:304,5
DA:305,5
DA:306,5
DA:307,5
DA:308,5
DA:309,5
DA:310,5
DA:311,5
DA:312,5
DA:313,5
DA:314,5
DA:315,5
DA:316,5
DA:317,5
DA:318,5
DA:319,5
DA:320,5
DA:321,5
DA:322,5
DA:323,5
DA:324,5
DA:325,5
DA:326,5
DA:327,5
DA:328,5
DA:329,5
DA:330,5
DA:331,5
DA:332,5
DA:333,5
DA:334,5
DA:335,5
DA:336,5
DA:337,5
DA:338,5
DA:339,5
DA:340,5
DA:341,5
DA:342,5
DA:343,5
DA:344,5
DA:345,5
DA:346,5
DA:347,5
DA:348,5
DA:349,5
DA:350,5
DA:351,5
DA:352,5
DA:353,5
DA:354,5
DA:355,5
DA:356,5
DA:357,5
DA:358,5
DA:359,5
DA:360,5
DA:361,5
DA:362,5
DA:363,5
DA:364,5
DA:365,5
DA:366,5
DA:367,5
DA:368,5
DA:369,5
DA:370,5
DA:371,5
DA:372,5
DA:373,5
DA:374,5
DA:375,5
DA:376,5
DA:377,5
DA:378,5
DA:379,5
DA:380,5
DA:381,5
DA:382,5
DA:383,5
DA:384,5
DA:385,5
DA:386,5
DA:387,5
DA:388,5
DA:389,5
DA:390,5
DA:391,5
DA:392,5
DA:393,5
DA:394,5
DA:395,5
DA:396,5
DA:397,5
DA:398,5
DA:399,5
DA:400,5
DA:401,5
DA:402,5
DA:403,5
DA:404,5
DA:405,5
DA:406,5
DA:407,5
DA:408,5
DA:409,5
DA:410,5
DA:411,5
DA:412,5
DA:413,5
DA:414,5
DA:415,5
DA:416,5
DA:417,5
DA:418,5
DA:419,85
DA:420,5
DA:421,5
DA:422,5
DA:423,5
DA:424,5
DA:425,5
DA:426,5
DA:427,5
DA:428,5
DA:429,5
DA:430,5
DA:431,5
DA:432,5
DA:433,5
DA:434,5
DA:435,5
DA:436,5
DA:437,5
DA:438,5
DA:439,5
DA:440,5
DA:441,5
DA:442,5
DA:443,5
DA:444,5
DA:445,5
DA:446,7
DA:447,5
DA:448,5
DA:449,5
DA:450,5
DA:451,5
DA:452,5
DA:453,5
DA:454,5
DA:455,5
DA:456,5
DA:457,5
DA:458,5
DA:459,5
DA:460,5
DA:461,5
DA:462,5
DA:463,5
DA:464,5
DA:465,5
DA:466,5
DA:467,5
DA:468,5
DA:469,5
DA:470,5
DA:471,5
DA:472,5
DA:473,5
DA:474,5
DA:475,5
DA:476,5
DA:477,5
DA:478,5
DA:479,5
DA:480,5
DA:481,5
DA:482,5
DA:483,5
DA:484,5
DA:485,5
DA:486,5
DA:487,1
DA:488,5
DA:489,5
DA:490,5
DA:491,5
DA:492,5
DA:493,5
DA:494,5
DA:495,5
DA:496,5
DA:497,5
DA:498,5
DA:499,5
DA:500,5
DA:501,5
DA:502,5
DA:503,5
DA:504,5
DA:505,5
DA:506,5
DA:507,5
DA:508,5
DA:509,5
DA:510,5
DA:511,5
DA:512,5
DA:513,0
DA:514,5
DA:515,5
DA:516,5
DA:517,5
DA:518,5
DA:519,5
DA:520,5
DA:521,5
DA:522,5
DA:523,5
DA:524,5
DA:525,5
DA:526,5
DA:527,5
DA:528,5
DA:529,5
DA:530,5
DA:531,5
DA:532,5
DA:533,5
DA:534,5
DA:535,5
DA:536,5
DA:537,5
DA:538,5
DA:539,0
DA:540,5
DA:541,5
DA:542,5
DA:543,5
DA:544,5
DA:545,5
DA:546,5
DA:547,5
DA:548,5
DA:549,5
DA:550,5
DA:551,5
DA:552,5
DA:553,5
DA:554,5
DA:555,5
DA:556,5
DA:557,5
DA:558,5
DA:559,5
DA:560,5
DA:561,5
DA:562,5
DA:563,0
DA:564,5
DA:565,5
DA:566,5
DA:567,5
DA:568,5
DA:569,5
DA:570,5
DA:571,5
DA:572,5
DA:573,5
DA:574,5
DA:575,5
DA:576,5
DA:577,5
DA:578,5
DA:579,5
DA:580,5
DA:581,5
DA:582,5
DA:583,0
DA:584,0
DA:585,5
DA:586,5
DA:587,5
DA:588,5
DA:589,5
DA:590,5
DA:591,5
DA:592,5
DA:593,5
DA:594,5
DA:595,5
DA:596,5
DA:597,5
DA:598,5
DA:599,5
DA:600,5
DA:601,5
DA:602,5
DA:603,5
DA:604,5
DA:605,5
DA:606,5
DA:607,5
DA:608,0
DA:609,0
DA:610,5
DA:611,5
DA:612,5
DA:613,5
DA:614,5
DA:615,5
DA:616,5
DA:617,5
DA:618,5
DA:619,5
DA:620,5
DA:621,5
DA:622,5
DA:623,5
DA:624,5
DA:625,5
DA:626,5
DA:627,5
DA:628,5
DA:629,5
DA:630,5
DA:631,5
DA:632,5
DA:633,5
DA:634,5
DA:635,5
DA:636,5
DA:637,5
DA:638,5
DA:639,5
DA:640,5
DA:641,5
DA:642,5
DA:643,5
DA:644,5
DA:645,5
DA:646,5
DA:647,5
DA:648,5
DA:649,5
DA:650,5
DA:651,5
DA:652,5
DA:653,5
DA:654,5
DA:655,5
DA:656,5
DA:657,5
DA:658,5
DA:659,5
DA:660,5
DA:661,5
DA:662,5
DA:663,5
DA:664,5
DA:665,5
DA:666,5
DA:667,5
DA:668,5
DA:669,5
DA:670,5
DA:671,5
DA:672,5
DA:673,0
DA:674,0
DA:675,0
DA:676,0
DA:677,0
DA:678,0
DA:679,0
DA:680,0
DA:681,0
DA:682,5
DA:683,5
DA:684,5
DA:685,5
DA:686,5
DA:687,5
DA:688,5
DA:689,5
DA:690,5
DA:691,5
DA:692,5
DA:693,5
DA:694,5
DA:695,5
DA:696,5
DA:697,5
DA:698,5
DA:699,5
DA:700,5
DA:701,5
DA:702,5
DA:703,5
DA:704,5
DA:705,5
DA:706,5
DA:707,5
DA:708,5
DA:709,5
DA:710,5
DA:711,5
DA:712,5
DA:713,5
DA:714,5
DA:715,5
DA:716,5
DA:717,5
DA:718,5
DA:719,5
DA:720,5
DA:721,5
DA:722,5
DA:723,5
DA:724,5
DA:725,5
DA:726,5
DA:727,5
DA:728,5
DA:729,5
DA:730,5
DA:731,5
DA:732,5
DA:733,5
DA:734,5
DA:735,5
DA:736,5
DA:737,5
DA:738,5
DA:739,5
DA:740,5
DA:741,5
DA:742,5
DA:743,5
DA:744,5
DA:745,5
DA:746,5
DA:747,5
DA:748,5
DA:749,5
DA:750,5
DA:751,5
DA:752,5
DA:753,5
DA:754,5
DA:755,5
DA:756,5
DA:757,5
DA:758,5
DA:759,5
DA:760,5
DA:761,5
DA:762,5
DA:763,5
DA:764,5
DA:765,5
DA:766,5
DA:767,5
DA:768,5
DA:769,5
DA:770,5
DA:771,5
DA:772,5
DA:773,5
DA:774,5
DA:775,5
DA:776,5
DA:777,5
DA:778,5
DA:779,5
DA:780,5
DA:781,5
DA:782,5
DA:783,5
DA:784,5
DA:785,5
DA:786,5
DA:787,5
DA:788,5
DA:789,5
DA:790,5
DA:791,5
DA:792,5
DA:793,5
DA:794,5
DA:795,5
DA:796,5
DA:797,5
DA:798,5
DA:799,5
DA:800,5
DA:801,5
DA:802,5
DA:803,5
DA:804,5
DA:805,5
DA:806,5
DA:807,5
DA:808,5
DA:809,5
DA:810,5
DA:811,5
DA:812,5
DA:813,5
DA:814,5
DA:815,5
DA:816,5
DA:817,5
DA:818,5
DA:819,5
DA:820,5
DA:821,5
DA:822,5
DA:823,5
DA:824,5
DA:825,5
DA:826,5
DA:827,5
DA:828,5
DA:829,5
DA:830,5
DA:831,5
DA:832,5
DA:833,5
DA:834,5
DA:835,5
DA:836,0
DA:837,5
DA:838,5
DA:839,5
DA:840,13
DA:841,5
DA:842,5
DA:843,5
DA:844,13
DA:845,13
DA:846,13
DA:847,13
DA:848,13
DA:849,13
DA:850,13
DA:851,13
DA:852,13
DA:853,13
DA:854,13
DA:855,13
DA:856,13
DA:857,13
DA:858,13
DA:859,13
DA:860,13
DA:861,13
DA:862,13
DA:863,13
DA:864,0
DA:865,0
DA:866,0
DA:867,0
DA:868,0
DA:869,0
DA:870,0
DA:871,0
DA:872,0
DA:873,0
DA:874,13
DA:875,13
DA:876,0
DA:877,0
DA:878,0
DA:879,0
DA:880,0
DA:881,13
DA:882,13
DA:883,0
DA:884,0
DA:885,0
DA:886,0
DA:887,0
DA:888,0
DA:889,0
DA:890,0
DA:891,13
DA:892,13
DA:893,0
DA:894,0
DA:895,0
DA:896,0
DA:897,0
DA:898,0
DA:899,0
DA:900,0
DA:901,13
DA:902,13
DA:903,0
DA:904,0
DA:905,0
DA:906,0
DA:907,0
DA:908,0
DA:909,0
DA:910,0
DA:911,0
DA:912,0
DA:913,0
DA:914,0
DA:915,0
DA:916,0
DA:917,0
DA:918,0
DA:919,0
DA:920,0
DA:921,0
DA:922,0
DA:923,0
DA:924,0
DA:925,0
DA:926,0
DA:927,0
DA:928,0
DA:929,0
DA:930,0
DA:931,0
DA:932,0
DA:933,0
DA:934,0
DA:935,0
DA:936,0
DA:937,0
DA:938,0
DA:939,0
DA:940,0
DA:941,0
DA:942,0
DA:943,0
DA:944,0
DA:945,0
DA:946,0
DA:947,0
DA:948,0
DA:949,0
DA:950,0
DA:951,0
DA:952,0
DA:953,13
DA:954,13
DA:955,13
DA:956,13
DA:957,13
DA:958,13
DA:959,13
DA:960,5
DA:961,5
DA:962,5
DA:963,5
DA:964,5
DA:965,5
DA:966,5
DA:967,5
DA:968,5
DA:969,5
DA:970,5
DA:971,5
DA:972,5
DA:973,5
DA:974,5
DA:975,5
DA:976,5
DA:977,5
DA:978,5
DA:979,5
DA:980,5
DA:981,5
DA:982,5
DA:983,5
DA:984,5
DA:985,5
DA:986,5
DA:987,5
DA:988,5
DA:989,5
DA:990,5
DA:991,5
DA:992,5
DA:993,5
DA:994,5
DA:995,5
DA:996,5
DA:997,5
DA:998,5
DA:999,5
DA:1000,5
DA:1001,5
DA:1002,5
DA:1003,5
DA:1004,0
DA:1005,0
DA:1006,0
DA:1007,0
DA:1008,5
DA:1009,5
DA:1010,5
DA:1011,5
DA:1012,5
DA:1013,5
DA:1014,5
DA:1015,5
DA:1016,5
DA:1017,5
DA:1018,5
DA:1019,5
DA:1020,5
DA:1021,5
DA:1022,5
DA:1023,5
DA:1024,5
DA:1025,5
DA:1026,5
DA:1027,5
DA:1028,5
DA:1029,5
DA:1030,5
DA:1031,5
DA:1032,5
DA:1033,5
DA:1034,5
DA:1035,5
DA:1036,5
DA:1037,14
DA:1038,14
DA:1039,14
DA:1040,14
DA:1041,14
DA:1042,5
DA:1043,5
DA:1044,5
DA:1045,5
DA:1046,5
DA:1047,5
DA:1048,5
DA:1049,5
DA:1050,5
DA:1051,5
DA:1052,5
DA:1053,5
DA:1054,5
DA:1055,5
DA:1056,5
DA:1057,5
DA:1058,5
DA:1059,5
DA:1060,5
DA:1061,5
DA:1062,5
DA:1063,5
DA:1064,5
DA:1065,5
DA:1066,5
DA:1067,5
DA:1068,5
DA:1069,5
DA:1070,5
DA:1071,5
DA:1072,8
DA:1073,8
DA:1074,8
DA:1075,8
DA:1076,8
DA:1077,5
DA:1078,5
DA:1079,5
DA:1080,5
DA:1081,5
DA:1082,5
DA:1083,5
DA:1084,5
DA:1085,5
DA:1086,5
DA:1087,5
DA:1088,5
DA:1089,5
DA:1090,5
DA:1091,5
DA:1092,5
DA:1093,5
DA:1094,5
DA:1095,5
DA:1096,5
DA:1097,5
DA:1098,5
DA:1099,5
DA:1100,5
DA:1101,5
DA:1102,5
DA:1103,5
DA:1104,0
DA:1105,0
DA:1106,0
DA:1107,0
DA:1108,5
DA:1109,5
DA:1110,5
DA:1111,5
DA:1112,5
DA:1113,5
DA:1114,5
DA:1115,5
DA:1116,5
DA:1117,5
DA:1118,5
DA:1119,5
DA:1120,5
DA:1121,5
DA:1122,5
DA:1123,5
DA:1124,5
DA:1125,5
DA:1126,5
DA:1127,5
DA:1128,5
DA:1129,5
DA:1130,5
DA:1131,5
DA:1132,5
DA:1133,5
DA:1134,5
DA:1135,2
DA:1136,2
DA:1137,2
DA:1138,2
DA:1139,5
DA:1140,5
DA:1141,5
DA:1142,5
DA:1143,5
DA:1144,5
DA:1145,5
DA:1146,5
DA:1147,5
DA:1148,5
DA:1149,5
DA:1150,5
DA:1151,5
DA:1152,5
DA:1153,5
DA:1154,5
DA:1155,5
DA:1156,5
DA:1157,5
DA:1158,5
DA:1159,5
DA:1160,5
DA:1161,5
DA:1162,5
DA:1163,5
DA:1164,5
DA:1165,5
DA:1166,0
DA:1167,0
DA:1168,0
DA:1169,0
DA:1170,5
DA:1171,5
DA:1172,5
DA:1173,5
DA:1174,5
DA:1175,5
DA:1176,5
DA:1177,5
DA:1178,5
DA:1179,5
DA:1180,5
DA:1181,5
DA:1182,5
DA:1183,5
DA:1184,5
DA:1185,5
DA:1186,5
DA:1187,5
DA:1188,5
DA:1189,5
DA:1190,5
DA:1191,5
DA:1192,5
DA:1193,5
DA:1194,5
DA:1195,5
DA:1196,5
DA:1197,5
DA:1198,5
DA:1199,5
DA:1200,5
DA:1201,5
DA:1202,5
DA:1203,5
DA:1204,5
DA:1205,5
DA:1206,5
DA:1207,80
DA:1208,80
DA:1209,80
DA:1210,80
DA:1211,80
DA:1212,5
DA:1213,5
DA:1214,5
DA:1215,5
DA:1216,5
DA:1217,5
DA:1218,5
DA:1219,5
DA:1220,5
DA:1221,5
DA:1222,5
DA:1223,5
DA:1224,5
DA:1225,5
DA:1226,5
DA:1227,5
DA:1228,5
DA:1229,5
DA:1230,5
DA:1231,5
DA:1232,5
DA:1233,5
DA:1234,5
DA:1235,5
DA:1236,5
DA:1237,5
DA:1238,5
DA:1239,5
DA:1240,5
DA:1241,5
DA:1242,5
DA:1243,5
DA:1244,5
DA:1245,5
DA:1246,5
DA:1247,5
DA:1248,5
DA:1249,5
DA:1250,5
DA:1251,5
DA:1252,5
DA:1253,5
DA:1254,5
DA:1255,5
DA:1256,5
DA:1257,5
DA:1258,5
DA:1259,5
DA:1260,5
DA:1261,5
DA:1262,5
DA:1263,5
DA:1264,5
DA:1265,5
DA:1266,5
DA:1267,5
DA:1268,0
DA:1269,0
DA:1270,0
DA:1271,0
DA:1272,0
DA:1273,0
DA:1274,0
DA:1275,0
DA:1276,0
DA:1277,0
DA:1278,0
DA:1279,0
DA:1280,0
DA:1281,0
DA:1282,0
DA:1283,0
DA:1284,0
DA:1285,0
DA:1286,0
DA:1287,0
DA:1288,0
DA:1289,0
DA:1290,0
DA:1291,0
DA:1292,0
DA:1293,0
DA:1294,0
DA:1295,0
DA:1296,0
DA:1297,0
DA:1298,0
DA:1299,0
DA:1300,0
DA:1301,0
DA:1302,0
DA:1303,0
DA:1304,0
DA:1305,0
DA:1306,0
DA:1307,0
DA:1308,0
DA:1309,5
DA:1310,5
DA:1311,5
DA:1312,5
DA:1313,5
DA:1314,5
DA:1315,5
DA:1316,5
DA:1317,5
DA:1318,5
DA:1319,5
DA:1320,5
DA:1321,5
DA:1322,5
DA:1323,5
DA:1324,5
DA:1325,5
DA:1326,5
DA:1327,5
DA:1328,5
DA:1329,5
DA:1330,5
DA:1331,5
DA:1332,5
DA:1333,5
DA:1334,5
DA:1335,5
DA:1336,5
DA:1337,5
DA:1338,5
DA:1339,5
DA:1340,5
DA:1341,5
DA:1342,5
DA:1343,0
DA:1344,0
DA:1345,0
DA:1346,0
DA:1347,0
DA:1348,0
DA:1349,5
DA:1350,5
DA:1351,5
DA:1352,5
DA:1353,5
DA:1354,5
DA:1355,5
DA:1356,5
DA:1357,5
DA:1358,5
DA:1359,5
DA:1360,5
DA:1361,5
DA:1362,5
DA:1363,5
DA:1364,5
DA:1365,5
DA:1366,5
DA:1367,5
DA:1368,5
DA:1369,5
DA:1370,5
DA:1371,5
DA:1372,5
DA:1373,5
DA:1374,5
DA:1375,5
DA:1376,5
DA:1377,5
DA:1378,5
DA:1379,5
DA:1380,5
DA:1381,5
DA:1382,5
DA:1383,5
DA:1384,5
DA:1385,5
DA:1386,5
DA:1387,5
DA:1388,5
DA:1389,5
DA:1390,5
DA:1391,5
DA:1392,5
DA:1393,5
DA:1394,5
DA:1395,5
DA:1396,5
DA:1397,5
DA:1398,5
DA:1399,5
DA:1400,5
DA:1401,49
DA:1402,49
DA:1403,49
DA:1404,1
DA:1405,1
DA:1406,1
DA:1407,1
DA:1408,48
DA:1409,48
DA:1410,48
DA:1411,48
DA:1412,48
DA:1413,48
DA:1414,48
DA:1415,48
DA:1416,5
DA:1417,5
DA:1418,5
DA:1419,5
DA:1420,5
DA:1421,5
DA:1422,5
DA:1423,5
DA:1424,5
DA:1425,5
DA:1426,5
DA:1427,5
DA:1428,5
DA:1429,5
DA:1430,5
DA:1431,5
DA:1432,5
DA:1433,5
DA:1434,5
DA:1435,5
DA:1436,5
DA:1437,5
DA:1438,5
DA:1439,5
DA:1440,5
DA:1441,5
DA:1442,5
DA:1443,5
DA:1444,5
DA:1445,5
DA:1446,5
DA:1447,5
DA:1448,5
DA:1449,5
DA:1450,5
DA:1451,5
DA:1452,5
DA:1453,5
DA:1454,5
DA:1455,5
DA:1456,5
DA:1457,5
DA:1458,5
DA:1459,5
DA:1460,5
DA:1461,5
DA:1462,5
DA:1463,5
DA:1464,5
DA:1465,5
DA:1466,1
DA:1467,1
DA:1468,1
DA:1469,1
DA:1470,1
DA:1471,1
DA:1472,1
DA:1473,1
DA:1474,5
DA:1475,5
DA:1476,5
DA:1477,5
DA:1478,5
DA:1479,5
DA:1480,5
DA:1481,5
DA:1482,5
DA:1483,5
DA:1484,5
DA:1485,5
DA:1486,5
DA:1487,5
DA:1488,5
DA:1489,5
DA:1490,5
DA:1491,5
DA:1492,5
DA:1493,5
DA:1494,5
DA:1495,5
DA:1496,5
DA:1497,5
DA:1498,5
DA:1499,5
DA:1500,5
DA:1501,5
DA:1502,5
DA:1503,5
DA:1504,5
DA:1505,5
DA:1506,5
DA:1507,5
DA:1508,5
DA:1509,5
DA:1510,5
DA:1511,5
DA:1512,5
DA:1513,5
DA:1514,5
DA:1515,5
DA:1516,5
DA:1517,5
DA:1518,5
DA:1519,5
DA:1520,5
DA:1521,5
DA:1522,5
DA:1523,5
DA:1524,5
DA:1525,5
DA:1526,5
DA:1527,5
DA:1528,5
DA:1529,5
DA:1530,5
DA:1531,5
DA:1532,5
DA:1533,5
DA:1534,5
DA:1535,5
DA:1536,5
DA:1537,5
DA:1538,5
DA:1539,5
DA:1540,5
DA:1541,5
DA:1542,5
DA:1543,5
DA:1544,5
DA:1545,5
DA:1546,5
DA:1547,5
DA:1548,5
DA:1549,5
DA:1550,5
DA:1551,5
DA:1552,5
DA:1553,5
DA:1554,5
DA:1555,1
DA:1556,1
DA:1557,1
DA:1558,0
DA:1559,0
DA:1560,1
DA:1561,1
DA:1562,1
DA:1563,1
DA:1564,1
DA:1565,1
DA:1566,1
DA:1567,1
DA:1568,1
DA:1569,4
DA:1570,4
DA:1571,4
DA:1572,4
DA:1573,4
DA:1574,4
DA:1575,4
DA:1576,5
DA:1577,5
DA:1578,5
DA:1579,5
DA:1580,5
DA:1581,5
DA:1582,5
DA:1583,5
DA:1584,5
DA:1585,5
DA:1586,5
DA:1587,5
DA:1588,5
DA:1589,5
DA:1590,5
DA:1591,5
DA:1592,5
DA:1593,5
DA:1594,5
DA:1595,5
DA:1596,5
DA:1597,5
DA:1598,5
DA:1599,5
DA:1600,5
DA:1601,5
DA:1602,5
DA:1603,5
DA:1604,5
DA:1605,5
DA:1606,5
DA:1607,5
DA:1608,5
DA:1609,5
DA:1610,5
DA:1611,5
DA:1612,5
DA:1613,5
DA:1614,5
DA:1615,5
DA:1616,5
DA:1617,5
DA:1618,5
DA:1619,5
DA:1620,5
DA:1621,5
DA:1622,5
DA:1623,5
DA:1624,5
DA:1625,5
DA:1626,5
DA:1627,5
DA:1628,5
DA:1629,0
DA:1630,0
DA:1631,0
DA:1632,0
DA:1633,0
DA:1634,0
DA:1635,0
DA:1636,0
DA:1637,0
DA:1638,0
DA:1639,0
DA:1640,0
DA:1641,0
DA:1642,0
DA:1643,0
DA:1644,0
DA:1645,0
DA:1646,0
DA:1647,0
DA:1648,0
DA:1649,0
DA:1650,0
DA:1651,0
DA:1652,0
DA:1653,0
DA:1654,0
DA:1655,0
DA:1656,0
DA:1657,0
DA:1658,0
DA:1659,0
DA:1660,0
DA:1661,0
DA:1662,0
DA:1663,0
DA:1664,0
DA:1665,0
DA:1666,0
DA:1667,0
DA:1668,0
DA:1669,0
DA:1670,0
DA:1671,0
DA:1672,0
DA:1673,0
DA:1674,0
DA:1675,0
DA:1676,0
DA:1677,0
DA:1678,0
DA:1679,0
DA:1680,0
DA:1681,5
DA:1682,5
DA:1683,5
DA:1684,5
DA:1685,5
DA:1686,5
DA:1687,5
DA:1688,5
DA:1689,5
DA:1690,5
DA:1691,5
DA:1692,5
DA:1693,5
DA:1694,5
DA:1695,5
DA:1696,5
DA:1697,5
DA:1698,5
DA:1699,5
DA:1700,5
DA:1701,5
DA:1702,5
DA:1703,5
DA:1704,5
DA:1705,5
DA:1706,5
DA:1707,5
DA:1708,5
DA:1709,5
DA:1710,5
DA:1711,5
DA:1712,5
DA:1713,5
DA:1714,5
DA:1715,5
DA:1716,5
DA:1717,5
DA:1718,5
DA:1719,5
DA:1720,5
DA:1721,5
DA:1722,5
DA:1723,5
DA:1724,5
DA:1725,5
DA:1726,5
DA:1727,5
DA:1728,5
DA:1729,5
DA:1730,5
DA:1731,5
DA:1732,5
DA:1733,1
DA:1734,1
DA:1735,1
DA:1736,1
DA:1737,1
DA:1738,1
DA:1739,1
DA:1740,1
DA:1741,1
DA:1742,1
DA:1743,1
DA:1744,1
DA:1745,1
DA:1746,1
DA:1747,1
DA:1748,1
DA:1749,1
DA:1750,1
DA:1751,1
DA:1752,1
DA:1753,1
DA:1754,1
DA:1755,1
DA:1756,1
DA:1757,1
DA:1758,1
DA:1759,1
DA:1760,1
DA:1761,1
DA:1762,1
DA:1763,1
DA:1764,0
DA:1765,0
DA:1766,0
DA:1767,0
DA:1768,0
DA:1769,0
DA:1770,0
DA:1771,0
DA:1772,0
DA:1773,0
DA:1774,0
DA:1775,0
DA:1776,0
DA:1777,0
DA:1778,1
DA:1779,1
DA:1780,1
DA:1781,1
DA:1782,1
DA:1783,1
DA:1784,1
DA:1785,5
DA:1786,5
DA:1787,5
DA:1788,5
DA:1789,5
DA:1790,5
DA:1791,5
DA:1792,5
DA:1793,5
DA:1794,5
DA:1795,5
DA:1796,5
DA:1797,5
DA:1798,5
DA:1799,5
DA:1800,5
DA:1801,5
DA:1802,5
DA:1803,5
DA:1804,5
DA:1805,5
DA:1806,5
DA:1807,5
DA:1808,5
DA:1809,5
DA:1810,5
DA:1811,5
DA:1812,5
DA:1813,5
DA:1814,5
DA:1815,5
DA:1816,5
DA:1817,5
DA:1818,5
DA:1819,5
DA:1820,5
DA:1821,5
DA:1822,5
DA:1823,5
DA:1824,5
DA:1825,5
DA:1826,5
DA:1827,5
DA:1828,5
DA:1829,5
DA:1830,5
DA:1831,5
DA:1832,5
DA:1833,5
DA:1834,5
DA:1835,5
DA:1836,5
DA:1837,5
DA:1838,0
DA:1839,0
DA:1840,0
DA:1841,0
DA:1842,0
DA:1843,0
DA:1844,0
DA:1845,0
DA:1846,0
DA:1847,0
DA:1848,0
DA:1849,0
DA:1850,0
DA:1851,0
DA:1852,0
DA:1853,0
DA:1854,0
DA:1855,0
DA:1856,0
DA:1857,0
DA:1858,0
DA:1859,0
DA:1860,0
DA:1861,0
DA:1862,0
DA:1863,0
DA:1864,0
DA:1865,0
DA:1866,0
DA:1867,0
DA:1868,0
DA:1869,0
DA:1870,0
DA:1871,0
DA:1872,0
DA:1873,0
DA:1874,0
DA:1875,0
DA:1876,0
DA:1877,0
DA:1878,0
DA:1879,0
DA:1880,0
DA:1881,0
DA:1882,0
DA:1883,0
DA:1884,0
DA:1885,0
DA:1886,0
DA:1887,0
DA:1888,0
DA:1889,0
DA:1890,5
DA:1891,5
DA:1892,5
DA:1893,5
DA:1894,5
DA:1895,5
DA:1896,5
DA:1897,5
DA:1898,5
DA:1899,5
DA:1900,5
DA:1901,5
DA:1902,5
DA:1903,5
DA:1904,5
DA:1905,5
DA:1906,5
DA:1907,5
DA:1908,5
DA:1909,5
DA:1910,5
DA:1911,5
DA:1912,5
DA:1913,5
DA:1914,5
DA:1915,5
DA:1916,5
DA:1917,5
DA:1918,5
DA:1919,5
DA:1920,5
DA:1921,5
DA:1922,5
DA:1923,5
DA:1924,5
DA:1925,5
DA:1926,5
DA:1927,5
DA:1928,5
DA:1929,5
DA:1930,5
DA:1931,5
DA:1932,5
DA:1933,5
DA:1934,5
DA:1935,5
DA:1936,5
DA:1937,5
DA:1938,5
DA:1939,5
DA:1940,5
DA:1941,5
DA:1942,0
DA:1943,0
DA:1944,0
DA:1945,0
DA:1946,0
DA:1947,0
DA:1948,0
DA:1949,0
DA:1950,0
DA:1951,0
DA:1952,0
DA:1953,0
DA:1954,0
DA:1955,0
DA:1956,0
DA:1957,0
DA:1958,0
DA:1959,0
DA:1960,0
DA:1961,0
DA:1962,0
DA:1963,0
DA:1964,0
DA:1965,0
DA:1966,0
DA:1967,0
DA:1968,0
DA:1969,0
DA:1970,0
DA:1971,0
DA:1972,0
DA:1973,0
DA:1974,0
DA:1975,0
DA:1976,0
DA:1977,0
DA:1978,0
DA:1979,0
DA:1980,0
DA:1981,0
DA:1982,0
DA:1983,0
DA:1984,0
DA:1985,0
DA:1986,0
DA:1987,0
DA:1988,0
DA:1989,0
DA:1990,0
DA:1991,0
DA:1992,0
DA:1993,0
DA:1994,0
DA:1995,5
DA:1996,5
DA:1997,5
DA:1998,5
DA:1999,5
DA:2000,5
DA:2001,5
DA:2002,5
DA:2003,5
DA:2004,5
DA:2005,5
DA:2006,5
DA:2007,5
DA:2008,5
DA:2009,5
DA:2010,5
DA:2011,5
DA:2012,5
DA:2013,5
DA:2014,5
DA:2015,5
DA:2016,5
DA:2017,5
DA:2018,5
DA:2019,5
DA:2020,5
DA:2021,5
DA:2022,5
DA:2023,5
DA:2024,5
DA:2025,5
DA:2026,5
DA:2027,5
DA:2028,5
DA:2029,5
DA:2030,5
DA:2031,5
DA:2032,5
DA:2033,5
DA:2034,5
DA:2035,5
DA:2036,5
DA:2037,5
DA:2038,5
DA:2039,0
DA:2040,0
DA:2041,0
DA:2042,0
DA:2043,0
DA:2044,0
DA:2045,0
DA:2046,0
DA:2047,0
DA:2048,0
DA:2049,0
DA:2050,0
DA:2051,0
DA:2052,0
DA:2053,0
DA:2054,0
DA:2055,0
DA:2056,0
DA:2057,0
DA:2058,0
DA:2059,0
DA:2060,0
DA:2061,0
DA:2062,0
DA:2063,0
DA:2064,0
DA:2065,0
DA:2066,0
DA:2067,0
DA:2068,0
DA:2069,5
DA:2070,5
DA:2071,5
DA:2072,5
DA:2073,5
DA:2074,5
DA:2075,5
DA:2076,5
DA:2077,5
DA:2078,5
DA:2079,5
DA:2080,5
DA:2081,5
DA:2082,5
DA:2083,5
DA:2084,5
DA:2085,5
DA:2086,5
DA:2087,5
DA:2088,5
DA:2089,5
DA:2090,5
DA:2091,5
DA:2092,5
DA:2093,5
DA:2094,5
DA:2095,5
DA:2096,5
DA:2097,5
DA:2098,5
DA:2099,5
DA:2100,5
DA:2101,5
DA:2102,5
DA:2103,5
DA:2104,5
DA:2105,5
DA:2106,5
DA:2107,5
DA:2108,5
DA:2109,5
DA:2110,5
DA:2111,5
DA:2112,5
DA:2113,5
DA:2114,5
DA:2115,5
DA:2116,5
DA:2117,5
DA:2118,5
DA:2119,5
DA:2120,5
DA:2121,5
DA:2122,5
DA:2123,5
DA:2124,5
DA:2125,5
DA:2126,5
DA:2127,5
DA:2128,5
DA:2129,5
DA:2130,5
DA:2131,5
DA:2132,5
DA:2133,5
DA:2134,5
DA:2135,5
DA:2136,5
DA:2137,5
DA:2138,5
DA:2139,5
DA:2140,5
DA:2141,5
DA:2142,5
DA:2143,5
DA:2144,5
DA:2145,5
DA:2146,5
DA:2147,5
DA:2148,5
DA:2149,5
DA:2150,5
DA:2151,5
DA:2152,5
DA:2153,5
DA:2154,5
DA:2155,5
DA:2156,5
DA:2157,5
DA:2158,5
DA:2159,5
DA:2160,5
DA:2161,5
DA:2162,5
DA:2163,5
DA:2164,5
DA:2165,5
DA:2166,5
DA:2167,5
DA:2168,5
DA:2169,5
DA:2170,5
DA:2171,5
DA:2172,5
DA:2173,5
DA:2174,5
DA:2175,5
DA:2176,5
DA:2177,5
DA:2178,5
DA:2179,5
DA:2180,5
DA:2181,5
DA:2182,5
DA:2183,5
DA:2184,5
DA:2185,5
DA:2186,5
DA:2187,5
DA:2188,5
DA:2189,5
DA:2190,5
DA:2191,5
DA:2192,5
DA:2193,5
DA:2194,5
DA:2195,5
DA:2196,5
DA:2197,5
DA:2198,5
DA:2199,5
DA:2200,0
DA:2201,0
DA:2202,0
DA:2203,0
DA:2204,0
DA:2205,5
DA:2206,5
DA:2207,5
DA:2208,5
DA:2209,5
DA:2210,0
DA:2211,0
DA:2212,0
DA:2213,5
DA:2214,5
DA:2215,5
DA:2216,5
DA:2217,5
DA:2218,5
DA:2219,0
DA:2220,0
DA:2221,0
DA:2222,5
DA:2223,5
DA:2224,5
DA:2225,5
DA:2226,5
DA:2227,0
DA:2228,0
DA:2229,0
DA:2230,5
DA:2231,5
DA:2232,5
DA:2233,5
DA:2234,5
DA:2235,5
DA:2236,5
DA:2237,5
DA:2238,5
DA:2239,5
DA:2240,5
DA:2241,5
DA:2242,5
DA:2243,5
DA:2244,5
DA:2245,5
DA:2246,5
DA:2247,5
DA:2248,5
DA:2249,5
DA:2250,5
DA:2251,5
DA:2252,5
DA:2253,5
DA:2254,5
DA:2255,5
DA:2256,5
DA:2257,5
DA:2258,5
DA:2259,5
DA:2260,5
DA:2261,5
DA:2262,0
DA:2263,0
DA:2264,0
DA:2265,0
DA:2266,0
DA:2267,0
DA:2268,5
DA:2269,5
DA:2270,5
DA:2271,5
DA:2272,5
DA:2273,5
DA:2274,5
DA:2275,5
DA:2276,5
DA:2277,0
DA:2278,0
DA:2279,5
DA:2280,5
DA:2281,5
DA:2282,5
DA:2283,5
DA:2284,5
DA:2285,5
DA:2286,5
DA:2287,5
DA:2288,5
DA:2289,5
DA:2290,5
DA:2291,5
DA:2292,5
DA:2293,5
DA:2294,5
DA:2295,5
DA:2296,5
DA:2297,5
DA:2298,5
DA:2299,5
DA:2300,5
DA:2301,5
DA:2302,5
DA:2303,5
DA:2304,5
DA:2305,5
DA:2306,5
DA:2307,5
DA:2308,5
DA:2309,5
DA:2310,5
DA:2311,5
DA:2312,5
DA:2313,5
DA:2314,5
DA:2315,5
DA:2316,5
DA:2317,5
DA:2318,5
DA:2319,5
DA:2320,5
DA:2321,5
DA:2322,5
DA:2323,5
DA:2324,5
DA:2325,5
DA:2326,5
DA:2327,5
DA:2328,5
DA:2329,5
DA:2330,5
DA:2331,5
DA:2332,5
DA:2333,5
DA:2334,5
DA:2335,5
DA:2336,5
DA:2337,5
DA:2338,5
DA:2339,5
DA:2340,5
DA:2341,5
DA:2342,5
DA:2343,5
DA:2344,5
DA:2345,5
DA:2346,5
DA:2347,5
DA:2348,5
DA:2349,5
DA:2350,5
DA:2351,5
DA:2352,5
DA:2353,5
DA:2354,5
DA:2355,5
DA:2356,5
DA:2357,5
DA:2358,5
DA:2359,5
DA:2360,5
DA:2361,5
DA:2362,5
DA:2363,5
DA:2364,5
DA:2365,5
DA:2366,5
DA:2367,5
DA:2368,5
DA:2369,5
DA:2370,5
DA:2371,5
DA:2372,5
DA:2373,5
DA:2374,5
DA:2375,5
DA:2376,5
DA:2377,5
DA:2378,5
DA:2379,5
DA:2380,5
DA:2381,5
DA:2382,5
DA:2383,5
DA:2384,5
DA:2385,5
DA:2386,5
DA:2387,5
DA:2388,5
DA:2389,5
DA:2390,5
DA:2391,5
DA:2392,5
DA:2393,5
DA:2394,5
DA:2395,5
DA:2396,5
DA:2397,5
DA:2398,5
DA:2399,5
DA:2400,5
DA:2401,5
DA:2402,5
DA:2403,5
DA:2404,0
DA:2405,0
DA:2406,0
DA:2407,0
DA:2408,0
DA:2409,0
DA:2410,0
DA:2411,0
DA:2412,0
DA:2413,0
DA:2414,0
DA:2415,0
DA:2416,0
DA:2417,0
DA:2418,0
DA:2419,0
DA:2420,0
DA:2421,0
DA:2422,0
DA:2423,0
DA:2424,0
DA:2425,0
DA:2426,0
DA:2427,0
DA:2428,5
DA:2429,5
DA:2430,5
DA:2431,5
DA:2432,5
DA:2433,5
DA:2434,5
DA:2435,5
DA:2436,5
DA:2437,5
DA:2438,5
DA:2439,5
DA:2440,5
DA:2441,5
DA:2442,5
DA:2443,5
DA:2444,5
DA:2445,5
DA:2446,5
DA:2447,5
DA:2448,5
DA:2449,5
DA:2450,5
DA:2451,5
DA:2452,5
DA:2453,5
DA:2454,5
DA:2455,5
DA:2456,5
DA:2457,5
DA:2458,5
DA:2459,5
DA:2460,5
DA:2461,5
DA:2462,5
DA:2463,5
DA:2464,5
DA:2465,5
DA:2466,5
DA:2467,5
DA:2468,5
DA:2469,5
DA:2470,5
DA:2471,5
DA:2472,5
DA:2473,5
DA:2474,5
DA:2475,5
DA:2476,5
DA:2477,5
DA:2478,5
DA:2479,5
DA:2480,5
DA:2481,5
DA:2482,5
DA:2483,5
DA:2484,5
DA:2485,5
DA:2486,5
DA:2487,5
DA:2488,5
DA:2489,5
DA:2490,5
DA:2491,5
DA:2492,14
DA:2493,5
DA:2494,5
DA:2495,5
DA:2496,4
DA:2497,4
DA:2498,4
DA:2499,4
DA:2500,4
DA:2501,4
DA:2502,4
DA:2503,4
DA:2504,4
DA:2505,4
DA:2506,4
DA:2507,0
DA:2508,0
DA:2509,0
DA:2510,4
DA:2511,4
DA:2512,4
DA:2513,4
DA:2514,4
DA:2515,4
DA:2516,4
DA:2517,4
DA:2518,4
DA:2519,4
DA:2520,4
DA:2521,5
DA:2522,5
DA:2523,5
DA:2524,5
DA:2525,5
DA:2526,5
DA:2527,5
DA:2528,5
DA:2529,5
DA:2530,5
DA:2531,5
DA:2532,5
DA:2533,5
DA:2534,5
DA:2535,5
DA:2536,5
DA:2537,5
DA:2538,5
DA:2539,5
DA:2540,5
DA:2541,5
DA:2542,5
DA:2543,5
DA:2544,5
DA:2545,5
DA:2546,5
DA:2547,5
DA:2548,5
DA:2549,5
DA:2550,5
DA:2551,5
DA:2552,5
DA:2553,5
DA:2554,5
DA:2555,0
DA:2556,0
DA:2557,0
DA:2558,0
DA:2559,0
DA:2560,0
DA:2561,5
DA:2562,5
DA:2563,5
DA:2564,5
DA:2565,5
DA:2566,5
DA:2567,5
DA:2568,5
DA:2569,5
DA:2570,5
DA:2571,5
DA:2572,5
DA:2573,5
DA:2574,5
DA:2575,5
DA:2576,5
DA:2577,5
DA:2578,5
DA:2579,5
DA:2580,5
DA:2581,5
DA:2582,5
DA:2583,5
DA:2584,5
DA:2585,5
DA:2586,5
DA:2587,5
DA:2588,5
DA:2589,5
DA:2590,5
DA:2591,5
DA:2592,5
DA:2593,0
DA:2594,0
DA:2595,0
DA:2596,0
DA:2597,0
DA:2598,0
DA:2599,0
DA:2600,0
DA:2601,0
DA:2602,0
DA:2603,5
DA:2604,5
DA:2605,5
DA:2606,5
DA:2607,5
DA:2608,5
DA:2609,5
DA:2610,5
DA:2611,5
DA:2612,5
DA:2613,5
DA:2614,5
DA:2615,5
DA:2616,5
DA:2617,5
DA:2618,5
DA:2619,5
DA:2620,5
DA:2621,5
DA:2622,5
DA:2623,5
DA:2624,5
DA:2625,5
DA:2626,5
DA:2627,5
DA:2628,5
DA:2629,5
DA:2630,5
DA:2631,5
DA:2632,5
DA:2633,5
DA:2634,5
DA:2635,5
DA:2636,5
DA:2637,5
DA:2638,5
DA:2639,5
DA:2640,5
DA:2641,5
DA:2642,5
DA:2643,5
DA:2644,5
DA:2645,5
DA:2646,5
DA:2647,5
DA:2648,5
DA:2649,5
DA:2650,5
DA:2651,5
DA:2652,5
DA:2653,5
DA:2654,5
DA:2655,5
DA:2656,5
DA:2657,5
DA:2658,5
DA:2659,5
DA:2660,5
DA:2661,5
DA:2662,5
DA:2663,5
DA:2664,5
DA:2665,5
DA:2666,5
DA:2667,5
DA:2668,5
DA:2669,5
DA:2670,5
DA:2671,5
DA:2672,5
DA:2673,5
DA:2674,5
DA:2675,5
DA:2676,5
DA:2677,5
DA:2678,5
DA:2679,5
DA:2680,5
DA:2681,5
DA:2682,5
DA:2683,5
DA:2684,5
DA:2685,5
DA:2686,5
DA:2687,5
DA:2688,5
DA:2689,5
DA:2690,5
DA:2691,5
DA:2692,5
DA:2693,5
DA:2694,5
DA:2695,5
DA:2696,5
DA:2697,5
DA:2698,5
DA:2699,5
DA:2700,5
DA:2701,5
DA:2702,5
DA:2703,5
DA:2704,5
DA:2705,5
DA:2706,5
DA:2707,5
DA:2708,5
DA:2709,5
DA:2710,5
DA:2711,0
DA:2712,0
DA:2713,0
DA:2714,0
DA:2715,0
DA:2716,0
DA:2717,0
DA:2718,0
DA:2719,0
DA:2720,0
DA:2721,0
DA:2722,0
DA:2723,0
DA:2724,0
DA:2725,0
DA:2726,0
DA:2727,0
DA:2728,0
DA:2729,0
DA:2730,0
DA:2731,0
DA:2732,0
DA:2733,0
DA:2734,0
DA:2735,0
DA:2736,0
DA:2737,0
DA:2738,0
DA:2739,0
DA:2740,0
DA:2741,0
DA:2742,0
DA:2743,0
DA:2744,0
DA:2745,0
DA:2746,0
DA:2747,0
DA:2748,0
DA:2749,0
DA:2750,0
DA:2751,0
DA:2752,0
DA:2753,0
DA:2754,0
DA:2755,0
DA:2756,0
DA:2757,0
DA:2758,0
DA:2759,0
DA:2760,0
DA:2761,0
DA:2762,0
DA:2763,0
DA:2764,0
DA:2765,0
DA:2766,0
DA:2767,0
DA:2768,0
DA:2769,0
DA:2770,0
DA:2771,0
DA:2772,0
DA:2773,0
DA:2774,0
DA:2775,0
DA:2776,0
DA:2777,0
DA:2778,0
DA:2779,0
DA:2780,0
DA:2781,0
DA:2782,0
DA:2783,0
DA:2784,0
DA:2785,0
DA:2786,0
DA:2787,0
DA:2788,0
DA:2789,0
DA:2790,0
DA:2791,0
DA:2792,0
DA:2793,0
DA:2794,0
DA:2795,0
DA:2796,0
DA:2797,0
DA:2798,0
DA:2799,0
DA:2800,0
DA:2801,0
DA:2802,0
DA:2803,0
DA:2804,0
DA:2805,0
DA:2806,0
DA:2807,0
DA:2808,0
DA:2809,0
DA:2810,0
DA:2811,0
DA:2812,0
DA:2813,0
DA:2814,0
DA:2815,0
DA:2816,0
DA:2817,0
DA:2818,0
DA:2819,0
DA:2820,0
DA:2821,0
DA:2822,0
DA:2823,0
DA:2824,0
DA:2825,0
DA:2826,0
DA:2827,0
DA:2828,0
DA:2829,0
DA:2830,0
DA:2831,0
DA:2832,0
DA:2833,5
DA:2834,5
DA:2835,5
DA:2836,5
DA:2837,5
DA:2838,5
DA:2839,5
DA:2840,5
DA:2841,5
DA:2842,5
DA:2843,5
DA:2844,5
DA:2845,5
DA:2846,5
DA:2847,5
DA:2848,5
DA:2849,5
DA:2850,5
DA:2851,5
DA:2852,5
DA:2853,5
DA:2854,5
DA:2855,5
DA:2856,5
DA:2857,5
DA:2858,5
DA:2859,5
DA:2860,5
DA:2861,5
DA:2862,5
DA:2863,5
DA:2864,5
DA:2865,5
DA:2866,5
DA:2867,5
DA:2868,5
DA:2869,5
DA:2870,5
DA:2871,5
DA:2872,5
DA:2873,5
DA:2874,5
DA:2875,5
DA:2876,5
DA:2877,5
DA:2878,5
DA:2879,5
DA:2880,5
DA:2881,5
DA:2882,5
DA:2883,5
DA:2884,5
DA:2885,5
DA:2886,5
DA:2887,5
DA:2888,5
DA:2889,5
DA:2890,5
DA:2891,5
DA:2892,5
DA:2893,5
DA:2894,5
DA:2895,5
DA:2896,5
DA:2897,5
DA:2898,5
DA:2899,5
DA:2900,5
DA:2901,5
DA:2902,5
DA:2903,5
DA:2904,5
DA:2905,5
DA:2906,5
DA:2907,5
DA:2908,5
DA:2909,5
DA:2910,5
DA:2911,5
DA:2912,5
DA:2913,5
DA:2914,5
DA:2915,5
DA:2916,5
DA:2917,5
DA:2918,5
DA:2919,5
DA:2920,5
DA:2921,5
DA:2922,5
DA:2923,5
DA:2924,5
DA:2925,5
DA:2926,5
DA:2927,5
DA:2928,5
DA:2929,5
DA:2930,5
DA:2931,5
DA:2932,5
DA:2933,5
DA:2934,5
DA:2935,5
DA:2936,5
DA:2937,5
DA:2938,5
DA:2939,5
DA:2940,5
DA:2941,5
DA:2942,5
DA:2943,5
DA:2944,5
DA:2945,5
DA:2946,5
DA:2947,5
DA:2948,5
DA:2949,5
DA:2950,5
DA:2951,5
DA:2952,5
DA:2953,5
DA:2954,5
DA:2955,5
DA:2956,5
DA:2957,5
DA:2958,5
DA:2959,5
DA:2960,5
DA:2961,5
DA:2962,5
DA:2963,5
DA:2964,5
DA:2965,5
DA:2966,5
DA:2967,5
DA:2968,5
DA:2969,5
DA:2970,5
DA:2971,5
DA:2972,5
DA:2973,5
DA:2974,5
DA:2975,5
DA:2976,5
DA:2977,5
DA:2978,5
DA:2979,5
DA:2980,5
DA:2981,5
DA:2982,5
DA:2983,5
DA:2984,5
DA:2985,5
DA:2986,5
DA:2987,5
DA:2988,5
DA:2989,5
DA:2990,5
DA:2991,5
DA:2992,5
DA:2993,5
DA:2994,5
DA:2995,5
DA:2996,5
DA:2997,5
DA:2998,5
DA:2999,5
DA:3000,5
DA:3001,5
DA:3002,5
DA:3003,5
DA:3004,5
DA:3005,0
DA:3006,0
DA:3007,0
DA:3008,0
DA:3009,0
DA:3010,0
DA:3011,0
DA:3012,0
DA:3013,0
DA:3014,0
DA:3015,0
DA:3016,0
DA:3017,0
DA:3018,0
DA:3019,0
DA:3020,0
DA:3021,0
DA:3022,0
DA:3023,0
DA:3024,0
DA:3025,0
DA:3026,0
DA:3027,0
DA:3028,0
DA:3029,0
DA:3030,0
DA:3031,0
DA:3032,0
DA:3033,0
DA:3034,0
DA:3035,0
DA:3036,0
DA:3037,0
DA:3038,0
DA:3039,0
DA:3040,0
DA:3041,0
DA:3042,0
DA:3043,0
DA:3044,0
DA:3045,0
DA:3046,0
DA:3047,0
DA:3048,0
DA:3049,0
DA:3050,0
DA:3051,0
DA:3052,0
DA:3053,0
DA:3054,0
DA:3055,0
DA:3056,0
DA:3057,0
DA:3058,0
DA:3059,0
DA:3060,0
DA:3061,0
DA:3062,0
DA:3063,0
DA:3064,0
DA:3065,0
DA:3066,0
DA:3067,0
DA:3068,0
DA:3069,0
DA:3070,0
DA:3071,0
DA:3072,0
DA:3073,0
DA:3074,0
DA:3075,0
DA:3076,0
DA:3077,0
DA:3078,0
DA:3079,0
DA:3080,0
DA:3081,0
DA:3082,0
DA:3083,0
DA:3084,0
DA:3085,0
DA:3086,0
DA:3087,0
DA:3088,0
DA:3089,0
DA:3090,0
DA:3091,0
DA:3092,0
DA:3093,0
DA:3094,0
DA:3095,0
DA:3096,0
DA:3097,0
DA:3098,0
DA:3099,0
DA:3100,0
DA:3101,0
DA:3102,0
DA:3103,0
DA:3104,0
DA:3105,0
DA:3106,0
DA:3107,0
DA:3108,0
DA:3109,0
DA:3110,0
DA:3111,0
DA:3112,0
DA:3113,0
DA:3114,0
DA:3115,0
DA:3116,0
DA:3117,0
DA:3118,0
DA:3119,0
DA:3120,0
DA:3121,0
DA:3122,0
DA:3123,0
DA:3124,0
DA:3125,0
DA:3126,0
DA:3127,0
DA:3128,5
DA:3129,5
DA:3130,5
DA:3131,5
DA:3132,5
DA:3133,5
DA:3134,5
DA:3135,5
DA:3136,5
DA:3137,5
DA:3138,5
DA:3139,5
DA:3140,5
DA:3141,5
DA:3142,5
DA:3143,5
DA:3144,5
DA:3145,5
DA:3146,5
DA:3147,5
DA:3148,5
DA:3149,5
DA:3150,5
DA:3151,5
DA:3152,5
DA:3153,5
DA:3154,5
DA:3155,5
DA:3156,5
DA:3157,5
DA:3158,5
DA:3159,5
DA:3160,5
DA:3161,5
DA:3162,5
DA:3163,5
DA:3164,5
DA:3165,5
DA:3166,5
DA:3167,5
DA:3168,5
DA:3169,5
DA:3170,5
DA:3171,5
DA:3172,5
DA:3173,5
DA:3174,5
DA:3175,5
DA:3176,5
DA:3177,5
DA:3178,5
DA:3179,5
DA:3180,5
DA:3181,5
DA:3182,5
DA:3183,5
DA:3184,5
DA:3185,5
DA:3186,5
DA:3187,5
DA:3188,5
DA:3189,5
DA:3190,5
DA:3191,5
DA:3192,5
DA:3193,5
DA:3194,5
DA:3195,5
DA:3196,5
DA:3197,5
DA:3198,5
DA:3199,5
DA:3200,0
DA:3201,0
DA:3202,0
DA:3203,0
DA:3204,0
DA:3205,0
DA:3206,0
DA:3207,0
DA:3208,0
DA:3209,0
DA:3210,0
DA:3211,5
DA:3212,5
DA:3213,5
DA:3214,5
DA:3215,5
DA:3216,5
DA:3217,5
DA:3218,5
DA:3219,5
DA:3220,5
DA:3221,5
DA:3222,5
DA:3223,5
DA:3224,5
DA:3225,5
DA:3226,5
DA:3227,5
DA:3228,5
DA:3229,5
DA:3230,5
DA:3231,5
DA:3232,5
DA:3233,5
DA:3234,5
DA:3235,5
DA:3236,5
DA:3237,5
DA:3238,0
DA:3239,5
DA:3240,5
DA:3241,5
DA:3242,5
DA:3243,5
DA:3244,5
DA:3245,5
DA:3246,5
DA:3247,5
DA:3248,5
DA:3249,5
DA:3250,5
DA:3251,5
DA:3252,5
DA:3253,5
DA:3254,5
DA:3255,5
DA:3256,5
DA:3257,5
DA:3258,5
DA:3259,5
DA:3260,5
DA:3261,5
DA:3262,5
DA:3263,5
DA:3264,5
DA:3265,5
DA:3266,5
DA:3267,5
DA:3268,5
DA:3269,5
DA:3270,5
DA:3271,5
DA:3272,5
DA:3273,5
DA:3274,5
DA:3275,5
DA:3276,5
DA:3277,5
DA:3278,5
DA:3279,5
DA:3280,0
DA:3281,0
DA:3282,0
DA:3283,0
DA:3284,0
DA:3285,0
DA:3286,0
DA:3287,0
DA:3288,0
DA:3289,5
DA:3290,5
DA:3291,5
DA:3292,5
DA:3293,5
DA:3294,5
DA:3295,5
DA:3296,5
DA:3297,5
DA:3298,5
DA:3299,5
DA:3300,5
DA:3301,5
DA:3302,5
DA:3303,5
DA:3304,5
DA:3305,5
DA:3306,5
DA:3307,5
DA:3308,5
DA:3309,5
DA:3310,5
DA:3311,5
DA:3312,5
DA:3313,5
DA:3314,5
DA:3315,5
DA:3316,5
DA:3317,5
DA:3318,5
DA:3319,5
DA:3320,5
DA:3321,5
DA:3322,5
DA:3323,5
DA:3324,5
DA:3325,5
DA:3326,5
DA:3327,5
DA:3328,5
DA:3329,5
DA:3330,5
DA:3331,5
DA:3332,5
DA:3333,5
DA:3334,0
DA:3335,0
DA:3336,0
DA:3337,0
DA:3338,0
DA:3339,0
DA:3340,0
DA:3341,0
DA:3342,0
DA:3343,0
DA:3344,0
DA:3345,0
DA:3346,0
DA:3347,0
DA:3348,0
DA:3349,0
DA:3350,0
DA:3351,0
DA:3352,0
DA:3353,0
DA:3354,5
DA:3355,5
DA:3356,5
DA:3357,5
DA:3358,5
DA:3359,5
DA:3360,5
DA:3361,5
DA:3362,0
DA:3363,0
DA:3364,0
DA:3365,0
DA:3366,0
DA:3367,0
DA:3368,0
DA:3369,0
DA:3370,0
DA:3371,0
DA:3372,0
DA:3373,0
DA:3374,0
DA:3375,0
DA:3376,0
DA:3377,0
DA:3378,0
DA:3379,0
DA:3380,0
DA:3381,0
DA:3382,0
DA:3383,0
DA:3384,0
DA:3385,5
DA:3386,5
DA:3387,5
DA:3388,5
DA:3389,5
DA:3390,5
DA:3391,5
DA:3392,5
DA:3393,5
DA:3394,5
DA:3395,5
DA:3396,5
DA:3397,5
DA:3398,5
DA:3399,5
DA:3400,5
DA:3401,5
DA:3402,5
DA:3403,5
DA:3404,5
DA:3405,5
DA:3406,5
DA:3407,5
DA:3408,5
DA:3409,5
DA:3410,5
DA:3411,5
DA:3412,5
DA:3413,5
DA:3414,5
DA:3415,5
DA:3416,5
DA:3417,5
DA:3418,5
DA:3419,5
DA:3420,5
DA:3421,5
DA:3422,5
DA:3423,5
DA:3424,5
DA:3425,5
DA:3426,5
DA:3427,5
DA:3428,5
DA:3429,5
DA:3430,5
DA:3431,5
DA:3432,5
DA:3433,5
DA:3434,5
DA:3435,5
DA:3436,5
DA:3437,5
DA:3438,5
DA:3439,5
DA:3440,5
DA:3441,5
DA:3442,5
DA:3443,5
DA:3444,5
DA:3445,5
DA:3446,5
DA:3447,5
DA:3448,5
DA:3449,5
DA:3450,5
DA:3451,5
DA:3452,5
DA:3453,5
DA:3454,5
DA:3455,5
DA:3456,5
DA:3457,5
DA:3458,5
DA:3459,0
DA:3460,0
DA:3461,0
DA:3462,0
DA:3463,0
DA:3464,0
DA:3465,0
DA:3466,0
DA:3467,0
DA:3468,0
DA:3469,0
DA:3470,0
DA:3471,0
DA:3472,0
DA:3473,0
DA:3474,0
DA:3475,0
DA:3476,0
DA:3477,0
DA:3478,0
DA:3479,0
DA:3480,0
DA:3481,0
DA:3482,0
DA:3483,0
DA:3484,0
DA:3485,0
DA:3486,0
DA:3487,0
DA:3488,0
DA:3489,0
DA:3490,0
DA:3491,5
DA:3492,5
DA:3493,5
DA:3494,5
DA:3495,5
DA:3496,5
DA:3497,5
DA:3498,5
DA:3499,5
DA:3500,5
DA:3501,5
DA:3502,5
DA:3503,5
DA:3504,5
DA:3505,5
DA:3506,5
DA:3507,5
DA:3508,5
DA:3509,5
DA:3510,5
DA:3511,5
DA:3512,5
DA:3513,5
DA:3514,5
DA:3515,5
DA:3516,5
DA:3517,5
DA:3518,5
DA:3519,5
DA:3520,5
DA:3521,5
DA:3522,5
DA:3523,5
DA:3524,5
DA:3525,5
DA:3526,5
DA:3527,5
DA:3528,5
DA:3529,5
DA:3530,5
DA:3531,5
DA:3532,5
DA:3533,0
DA:3534,0
DA:3535,0
DA:3536,0
DA:3537,0
DA:3538,0
DA:3539,0
DA:3540,0
DA:3541,0
DA:3542,0
DA:3543,0
DA:3544,0
DA:3545,0
DA:3546,0
DA:3547,0
DA:3548,0
DA:3549,0
DA:3550,0
DA:3551,0
DA:3552,0
DA:3553,0
DA:3554,0
DA:3555,0
DA:3556,0
DA:3557,0
DA:3558,0
DA:3559,0
DA:3560,0
DA:3561,0
DA:3562,0
DA:3563,0
DA:3564,0
DA:3565,5
DA:3566,5
DA:3567,5
DA:3568,5
DA:3569,5
DA:3570,5
DA:3571,5
DA:3572,5
DA:3573,5
DA:3574,5
DA:3575,5
DA:3576,5
DA:3577,5
DA:3578,5
DA:3579,5
DA:3580,5
DA:3581,5
DA:3582,5
DA:3583,5
DA:3584,5
DA:3585,5
DA:3586,5
DA:3587,5
DA:3588,5
DA:3589,5
DA:3590,5
DA:3591,5
DA:3592,5
DA:3593,5
DA:3594,5
DA:3595,5
DA:3596,5
DA:3597,5
DA:3598,5
DA:3599,5
DA:3600,5
DA:3601,5
DA:3602,5
DA:3603,5
DA:3604,5
DA:3605,5
DA:3606,5
DA:3607,5
DA:3608,5
DA:3609,5
DA:3610,5
DA:3611,5
DA:3612,5
DA:3613,5
DA:3614,5
DA:3615,5
DA:3616,5
DA:3617,5
DA:3618,5
DA:3619,5
DA:3620,5
DA:3621,5
DA:3622,5
DA:3623,5
DA:3624,5
DA:3625,5
DA:3626,5
DA:3627,5
DA:3628,5
DA:3629,5
DA:3630,5
DA:3631,5
DA:3632,5
DA:3633,5
DA:3634,5
DA:3635,5
DA:3636,5
DA:3637,5
DA:3638,5
DA:3639,5
DA:3640,5
DA:3641,5
DA:3642,5
DA:3643,5
DA:3644,5
DA:3645,5
DA:3646,5
DA:3647,5
DA:3648,5
DA:3649,5
DA:3650,5
DA:3651,5
DA:3652,5
DA:3653,5
DA:3654,5
DA:3655,5
DA:3656,5
DA:3657,5
DA:3658,5
DA:3659,5
DA:3660,5
DA:3661,5
DA:3662,5
DA:3663,5
DA:3664,5
DA:3665,5
DA:3666,5
DA:3667,5
DA:3668,0
DA:3669,0
DA:3670,0
DA:3671,0
DA:3672,0
DA:3673,0
DA:3674,0
DA:3675,0
DA:3676,0
DA:3677,0
DA:3678,0
DA:3679,0
DA:3680,0
DA:3681,0
DA:3682,0
DA:3683,0
DA:3684,0
DA:3685,0
DA:3686,0
DA:3687,0
DA:3688,0
DA:3689,0
DA:3690,0
DA:3691,0
DA:3692,0
DA:3693,0
DA:3694,0
DA:3695,0
DA:3696,0
DA:3697,0
DA:3698,0
DA:3699,5
DA:3700,5
DA:3701,5
DA:3702,5
DA:3703,5
DA:3704,5
DA:3705,5
DA:3706,5
DA:3707,5
DA:3708,5
DA:3709,5
DA:3710,5
DA:3711,5
DA:3712,5
DA:3713,5
DA:3714,5
DA:3715,5
DA:3716,5
DA:3717,5
DA:3718,5
DA:3719,5
DA:3720,5
DA:3721,5
DA:3722,5
DA:3723,5
DA:3724,5
DA:3725,5
DA:3726,5
DA:3727,5
DA:3728,5
DA:3729,5
DA:3730,5
DA:3731,5
DA:3732,5
DA:3733,5
DA:3734,5
DA:3735,5
DA:3736,5
DA:3737,5
DA:3738,5
DA:3739,5
DA:3740,5
DA:3741,5
DA:3742,5
DA:3743,5
DA:3744,5
DA:3745,5
DA:3746,5
DA:3747,5
DA:3748,5
DA:3749,5
DA:3750,5
DA:3751,5
DA:3752,5
DA:3753,5
DA:3754,5
DA:3755,5
DA:3756,5
DA:3757,5
DA:3758,5
DA:3759,5
DA:3760,5
DA:3761,5
DA:3762,5
DA:3763,5
DA:3764,5
DA:3765,5
DA:3766,5
DA:3767,5
DA:3768,5
DA:3769,5
DA:3770,5
DA:3771,5
DA:3772,5
DA:3773,5
DA:3774,5
DA:3775,5
DA:3776,5
DA:3777,5
DA:3778,5
DA:3779,5
DA:3780,5
DA:3781,5
DA:3782,5
DA:3783,5
DA:3784,5
DA:3785,0
DA:3786,0
DA:3787,0
DA:3788,0
DA:3789,0
DA:3790,0
DA:3791,0
DA:3792,0
DA:3793,0
DA:3794,0
DA:3795,0
DA:3796,0
DA:3797,0
DA:3798,0
DA:3799,0
DA:3800,0
DA:3801,0
DA:3802,0
DA:3803,0
DA:3804,0
DA:3805,0
DA:3806,0
DA:3807,0
DA:3808,0
DA:3809,0
DA:3810,0
DA:3811,0
DA:3812,0
DA:3813,0
DA:3814,0
DA:3815,0
DA:3816,0
DA:3817,0
DA:3818,5
DA:3819,5
DA:3820,5
DA:3821,5
DA:3822,5
DA:3823,5
DA:3824,5
DA:3825,5
DA:3826,5
DA:3827,5
DA:3828,5
DA:3829,5
DA:3830,5
DA:3831,5
DA:3832,5
DA:3833,5
DA:3834,5
DA:3835,5
DA:3836,5
DA:3837,5
DA:3838,5
DA:3839,5
DA:3840,5
DA:3841,5
DA:3842,5
DA:3843,5
DA:3844,5
DA:3845,5
DA:3846,5
DA:3847,5
DA:3848,5
DA:3849,5
DA:3850,5
DA:3851,5
DA:3852,5
DA:3853,5
DA:3854,5
DA:3855,5
DA:3856,5
DA:3857,5
DA:3858,5
DA:3859,5
DA:3860,5
DA:3861,5
DA:3862,5
DA:3863,5
DA:3864,5
DA:3865,5
DA:3866,5
DA:3867,5
DA:3868,5
DA:3869,5
DA:3870,5
DA:3871,5
DA:3872,5
DA:3873,5
DA:3874,5
DA:3875,5
DA:3876,5
DA:3877,5
DA:3878,5
DA:3879,5
DA:3880,5
DA:3881,5
DA:3882,5
DA:3883,5
DA:3884,5
DA:3885,5
DA:3886,5
DA:3887,5
DA:3888,5
DA:3889,5
DA:3890,5
DA:3891,5
DA:3892,5
DA:3893,5
DA:3894,5
DA:3895,5
DA:3896,5
DA:3897,5
DA:3898,5
DA:3899,5
DA:3900,5
DA:3901,5
DA:3902,5
DA:3903,5
DA:3904,0
DA:3905,0
DA:3906,0
DA:3907,0
DA:3908,0
DA:3909,0
DA:3910,0
DA:3911,0
DA:3912,0
DA:3913,0
DA:3914,0
DA:3915,0
DA:3916,0
DA:3917,0
DA:3918,0
DA:3919,0
DA:3920,0
DA:3921,0
DA:3922,0
DA:3923,0
DA:3924,0
DA:3925,0
DA:3926,0
DA:3927,0
DA:3928,0
DA:3929,0
DA:3930,0
DA:3931,0
DA:3932,0
DA:3933,0
DA:3934,0
DA:3935,0
DA:3936,0
DA:3937,5
DA:3938,5
DA:3939,5
DA:3940,5
DA:3941,5
DA:3942,5
DA:3943,5
DA:3944,5
DA:3945,5
DA:3946,5
DA:3947,5
DA:3948,5
DA:3949,5
DA:3950,5
DA:3951,5
DA:3952,5
DA:3953,5
DA:3954,5
DA:3955,5
DA:3956,5
DA:3957,5
DA:3958,5
DA:3959,5
DA:3960,5
DA:3961,5
DA:3962,5
DA:3963,5
DA:3964,5
DA:3965,5
DA:3966,5
DA:3967,5
DA:3968,5
DA:3969,5
DA:3970,5
DA:3971,5
DA:3972,5
DA:3973,5
DA:3974,5
DA:3975,5
DA:3976,5
DA:3977,5
DA:3978,5
DA:3979,5
DA:3980,5
DA:3981,5
DA:3982,5
DA:3983,5
DA:3984,5
DA:3985,5
DA:3986,5
DA:3987,5
DA:3988,5
DA:3989,5
DA:3990,5
DA:3991,5
DA:3992,5
DA:3993,5
DA:3994,5
DA:3995,5
DA:3996,5
DA:3997,5
DA:3998,5
DA:3999,5
DA:4000,5
DA:4001,5
DA:4002,5
DA:4003,5
DA:4004,5
DA:4005,5
DA:4006,5
DA:4007,5
DA:4008,5
DA:4009,5
DA:4010,0
DA:4011,0
DA:4012,0
DA:4013,0
DA:4014,0
DA:4015,0
DA:4016,0
DA:4017,0
DA:4018,0
DA:4019,0
DA:4020,0
DA:4021,0
DA:4022,0
DA:4023,0
DA:4024,0
DA:4025,0
DA:4026,0
DA:4027,0
DA:4028,0
DA:4029,5
DA:4030,5
DA:4031,5
DA:4032,5
DA:4033,5
DA:4034,5
DA:4035,5
DA:4036,5
DA:4037,5
DA:4038,5
DA:4039,5
DA:4040,5
DA:4041,5
DA:4042,5
DA:4043,5
DA:4044,5
DA:4045,5
DA:4046,5
DA:4047,5
DA:4048,5
DA:4049,5
DA:4050,5
DA:4051,5
DA:4052,5
DA:4053,5
DA:4054,5
DA:4055,5
DA:4056,5
DA:4057,5
DA:4058,5
DA:4059,5
DA:4060,5
DA:4061,5
DA:4062,5
DA:4063,0
DA:4064,0
DA:4065,0
DA:4066,0
DA:4067,0
DA:4068,0
DA:4069,0
DA:4070,0
DA:4071,0
DA:4072,0
DA:4073,0
DA:4074,0
DA:4075,0
DA:4076,5
DA:4077,5
DA:4078,5
DA:4079,5
DA:4080,5
DA:4081,5
DA:4082,5
DA:4083,5
DA:4084,5
DA:4085,5
DA:4086,5
DA:4087,5
DA:4088,5
DA:4089,5
DA:4090,5
DA:4091,5
DA:4092,5
DA:4093,5
DA:4094,5
DA:4095,5
DA:4096,5
DA:4097,5
DA:4098,5
DA:4099,5
DA:4100,5
DA:4101,5
DA:4102,5
DA:4103,5
DA:4104,5
DA:4105,5
DA:4106,5
DA:4107,5
DA:4108,0
DA:4109,0
DA:4110,0
DA:4111,0
DA:4112,0
DA:4113,0
DA:4114,0
DA:4115,0
DA:4116,0
DA:4117,0
DA:4118,0
DA:4119,0
DA:4120,0
DA:4121,5
DA:4122,5
DA:4123,5
DA:4124,5
DA:4125,5
DA:4126,5
DA:4127,5
DA:4128,5
DA:4129,5
DA:4130,5
DA:4131,5
DA:4132,5
DA:4133,5
DA:4134,5
DA:4135,5
DA:4136,5
DA:4137,5
DA:4138,5
DA:4139,5
DA:4140,5
DA:4141,5
DA:4142,5
DA:4143,5
DA:4144,5
DA:4145,5
DA:4146,5
DA:4147,5
DA:4148,5
DA:4149,5
DA:4150,0
DA:4151,0
DA:4152,0
DA:4153,0
DA:4154,0
DA:4155,0
DA:4156,0
DA:4157,0
DA:4158,0
DA:4159,0
DA:4160,0
DA:4161,0
DA:4162,0
DA:4163,5
DA:4164,5
DA:4165,5
DA:4166,5
DA:4167,5
DA:4168,5
DA:4169,5
DA:4170,5
DA:4171,5
DA:4172,5
DA:4173,5
DA:4174,5
DA:4175,5
DA:4176,5
DA:4177,5
DA:4178,5
DA:4179,5
DA:4180,5
DA:4181,5
DA:4182,5
DA:4183,5
DA:4184,5
DA:4185,5
DA:4186,5
DA:4187,5
DA:4188,5
DA:4189,5
DA:4190,5
DA:4191,5
DA:4192,5
DA:4193,5
DA:4194,5
DA:4195,5
DA:4196,5
DA:4197,5
DA:4198,5
DA:4199,5
DA:4200,5
DA:4201,5
DA:4202,5
DA:4203,5
DA:4204,5
DA:4205,5
DA:4206,5
DA:4207,5
DA:4208,5
DA:4209,5
DA:4210,5
DA:4211,5
DA:4212,5
DA:4213,5
DA:4214,5
DA:4215,5
DA:4216,0
DA:4217,0
DA:4218,0
DA:4219,0
DA:4220,0
DA:4221,0
DA:4222,5
DA:4223,5
DA:4224,5
DA:4225,5
DA:4226,5
DA:4227,5
DA:4228,5
DA:4229,5
DA:4230,5
DA:4231,5
DA:4232,5
DA:4233,5
DA:4234,5
DA:4235,5
DA:4236,5
DA:4237,5
DA:4238,5
DA:4239,5
DA:4240,5
DA:4241,5
DA:4242,5
DA:4243,5
DA:4244,5
DA:4245,5
DA:4246,5
DA:4247,5
DA:4248,5
DA:4249,5
DA:4250,5
DA:4251,5
DA:4252,5
DA:4253,5
DA:4254,5
DA:4255,5
DA:4256,5
DA:4257,5
DA:4258,5
DA:4259,5
DA:4260,5
DA:4261,0
DA:4262,0
DA:4263,0
DA:4264,0
DA:4265,0
DA:4266,5
DA:4267,5
DA:4268,5
DA:4269,5
DA:4270,5
DA:4271,5
DA:4272,5
DA:4273,5
DA:4274,5
DA:4275,5
DA:4276,5
DA:4277,5
DA:4278,5
DA:4279,5
DA:4280,5
DA:4281,5
DA:4282,5
DA:4283,5
DA:4284,5
DA:4285,5
DA:4286,5
DA:4287,5
DA:4288,5
DA:4289,5
DA:4290,5
DA:4291,5
DA:4292,0
DA:4293,0
DA:4294,0
DA:4295,0
DA:4296,0
DA:4297,0
DA:4298,0
DA:4299,0
DA:4300,0
DA:4301,0
DA:4302,0
DA:4303,0
DA:4304,0
DA:4305,5
DA:4306,5
DA:4307,5
DA:4308,5
DA:4309,5
DA:4310,5
DA:4311,5
DA:4312,5
DA:4313,5
DA:4314,5
DA:4315,5
DA:4316,5
DA:4317,5
DA:4318,5
DA:4319,5
DA:4320,5
DA:4321,5
DA:4322,5
DA:4323,5
DA:4324,0
DA:4325,5
DA:4326,5
DA:4327,5
DA:4328,5
DA:4329,5
DA:4330,5
DA:4331,5
DA:4332,5
DA:4333,5
DA:4334,5
DA:4335,5
DA:4336,5
DA:4337,5
DA:4338,5
DA:4339,5
DA:4340,5
DA:4341,5
DA:4342,5
DA:4343,5
DA:4344,0
DA:4345,5
DA:4346,5
DA:4347,5
DA:4348,5
DA:4349,5
DA:4350,5
DA:4351,5
DA:4352,5
DA:4353,5
DA:4354,5
DA:4355,5
DA:4356,5
DA:4357,5
DA:4358,5
DA:4359,5
DA:4360,5
DA:4361,5
DA:4362,5
DA:4363,0
DA:4364,0
DA:4365,0
DA:4366,0
DA:4367,0
DA:4368,0
DA:4369,0
DA:4370,0
DA:4371,0
DA:4372,5
DA:4373,5
DA:4374,5
DA:4375,5
DA:4376,5
DA:4377,5
DA:4378,5
DA:4379,5
DA:4380,5
DA:4381,5
DA:4382,5
DA:4383,5
DA:4384,5
DA:4385,5
DA:4386,5
DA:4387,5
DA:4388,5
DA:4389,5
DA:4390,5
DA:4391,0
DA:4392,0
DA:4393,0
DA:4394,0
DA:4395,0
DA:4396,0
DA:4397,0
DA:4398,0
DA:4399,0
DA:4400,5
DA:4401,5
DA:4402,5
DA:4403,5
DA:4404,5
DA:4405,5
DA:4406,5
DA:4407,5
DA:4408,5
DA:4409,5
DA:4410,5
DA:4411,5
DA:4412,5
DA:4413,5
DA:4414,5
DA:4415,5
DA:4416,5
DA:4417,5
DA:4418,5
DA:4419,0
DA:4420,5
DA:4421,5
DA:4422,5
DA:4423,5
DA:4424,5
DA:4425,5
DA:4426,5
DA:4427,5
DA:4428,5
DA:4429,5
DA:4430,5
DA:4431,5
DA:4432,5
DA:4433,5
DA:4434,5
DA:4435,5
DA:4436,5
DA:4437,5
DA:4438,0
DA:4439,5
DA:4440,5
DA:4441,5
DA:4442,5
DA:4443,5
DA:4444,5
DA:4445,5
DA:4446,5
DA:4447,5
DA:4448,5
DA:4449,5
DA:4450,5
DA:4451,5
DA:4452,5
DA:4453,5
DA:4454,5
DA:4455,5
DA:4456,5
DA:4457,5
DA:4458,0
DA:4459,5
DA:4460,5
DA:4461,5
DA:4462,5
DA:4463,5
DA:4464,5
DA:4465,5
DA:4466,5
DA:4467,5
DA:4468,5
DA:4469,5
DA:4470,5
DA:4471,5
DA:4472,5
DA:4473,5
DA:4474,5
DA:4475,5
DA:4476,5
DA:4477,0
DA:4478,5
DA:4479,5
DA:4480,5
DA:4481,5
DA:4482,5
DA:4483,5
DA:4484,5
DA:4485,5
DA:4486,5
DA:4487,5
DA:4488,5
DA:4489,5
DA:4490,5
DA:4491,5
DA:4492,5
DA:4493,5
DA:4494,5
DA:4495,5
DA:4496,0
DA:4497,5
DA:4498,5
DA:4499,5
DA:4500,5
DA:4501,5
DA:4502,5
DA:4503,5
DA:4504,5
DA:4505,5
DA:4506,5
DA:4507,5
DA:4508,5
DA:4509,5
DA:4510,5
DA:4511,5
DA:4512,5
DA:4513,5
DA:4514,5
DA:4515,5
DA:4516,0
DA:4517,5
DA:4518,5
DA:4519,5
DA:4520,5
DA:4521,5
DA:4522,5
DA:4523,5
DA:4524,5
DA:4525,5
DA:4526,5
DA:4527,5
DA:4528,5
DA:4529,5
DA:4530,5
DA:4531,5
DA:4532,5
DA:4533,5
DA:4534,5
DA:4535,0
DA:4536,5
DA:4537,5
DA:4538,5
DA:4539,5
DA:4540,5
DA:4541,5
DA:4542,5
DA:4543,5
DA:4544,5
DA:4545,5
DA:4546,5
DA:4547,5
DA:4548,5
DA:4549,5
DA:4550,5
DA:4551,5
DA:4552,5
DA:4553,5
DA:4554,5
DA:4555,0
DA:4556,5
DA:4557,5
DA:4558,5
DA:4559,5
DA:4560,5
DA:4561,5
DA:4562,5
DA:4563,5
DA:4564,5
DA:4565,5
DA:4566,5
DA:4567,5
DA:4568,5
DA:4569,5
DA:4570,5
DA:4571,5
DA:4572,5
DA:4573,5
DA:4574,0
DA:4575,5
DA:4576,5
DA:4577,5
DA:4578,5
DA:4579,5
DA:4580,5
DA:4581,5
DA:4582,5
DA:4583,5
DA:4584,5
DA:4585,5
DA:4586,5
DA:4587,5
DA:4588,5
DA:4589,5
DA:4590,5
DA:4591,5
DA:4592,5
DA:4593,0
DA:4594,5
DA:4595,5
DA:4596,5
DA:4597,5
DA:4598,5
DA:4599,5
DA:4600,5
DA:4601,5
DA:4602,5
DA:4603,5
DA:4604,5
DA:4605,5
DA:4606,5
DA:4607,5
DA:4608,5
DA:4609,5
DA:4610,5
DA:4611,5
DA:4612,0
DA:4613,5
DA:4614,5
DA:4615,5
DA:4616,5
DA:4617,5
DA:4618,5
DA:4619,5
DA:4620,5
DA:4621,5
DA:4622,5
DA:4623,5
DA:4624,5
DA:4625,5
DA:4626,5
DA:4627,5
DA:4628,5
DA:4629,5
DA:4630,5
DA:4631,0
DA:4632,5
DA:4633,5
DA:4634,5
DA:4635,5
DA:4636,5
DA:4637,5
DA:4638,5
DA:4639,5
DA:4640,5
DA:4641,5
DA:4642,5
DA:4643,5
DA:4644,5
DA:4645,5
DA:4646,5
DA:4647,5
DA:4648,5
DA:4649,0
DA:4650,5
DA:4651,5
DA:4652,5
DA:4653,5
DA:4654,5
DA:4655,5
DA:4656,5
DA:4657,5
DA:4658,5
DA:4659,5
DA:4660,5
DA:4661,5
DA:4662,5
DA:4663,5
DA:4664,5
DA:4665,5
DA:4666,5
DA:4667,5
DA:4668,0
DA:4669,5
DA:4670,5
DA:4671,5
DA:4672,5
DA:4673,5
DA:4674,5
DA:4675,5
DA:4676,5
DA:4677,5
DA:4678,5
DA:4679,5
DA:4680,5
DA:4681,5
DA:4682,5
DA:4683,5
DA:4684,5
DA:4685,5
DA:4686,0
DA:4687,5
DA:4688,5
DA:4689,5
DA:4690,5
DA:4691,5
DA:4692,5
DA:4693,5
DA:4694,5
DA:4695,5
DA:4696,5
DA:4697,5
DA:4698,5
DA:4699,5
DA:4700,5
DA:4701,5
DA:4702,5
DA:4703,0
DA:4704,5
DA:4705,5
DA:4706,5
DA:4707,5
DA:4708,5
DA:4709,5
DA:4710,5
DA:4711,5
DA:4712,5
DA:4713,5
DA:4714,5
DA:4715,5
DA:4716,5
DA:4717,5
DA:4718,5
DA:4719,5
DA:4720,5
DA:4721,5
DA:4722,5
DA:4723,0
DA:4724,5
DA:4725,5
DA:4726,5
DA:4727,5
DA:4728,5
DA:4729,5
DA:4730,5
DA:4731,5
DA:4732,5
DA:4733,5
DA:4734,5
DA:4735,5
DA:4736,5
DA:4737,5
DA:4738,5
DA:4739,5
DA:4740,5
DA:4741,5
DA:4742,5
DA:4743,5
DA:4744,5
DA:4745,0
DA:4746,5
DA:4747,5
DA:4748,5
DA:4749,5
DA:4750,5
DA:4751,5
DA:4752,5
DA:4753,5
DA:4754,5
DA:4755,5
DA:4756,5
DA:4757,5
DA:4758,5
DA:4759,5
DA:4760,5
DA:4761,5
DA:4762,5
DA:4763,5
DA:4764,0
DA:4765,5
DA:4766,5
DA:4767,5
DA:4768,5
DA:4769,5
DA:4770,5
DA:4771,5
DA:4772,5
DA:4773,5
DA:4774,5
DA:4775,5
DA:4776,5
DA:4777,5
DA:4778,5
DA:4779,5
DA:4780,5
DA:4781,5
DA:4782,5
DA:4783,0
DA:4784,5
DA:4785,5
DA:4786,5
DA:4787,5
DA:4788,5
DA:4789,5
DA:4790,5
DA:4791,5
DA:4792,5
DA:4793,5
DA:4794,5
DA:4795,5
DA:4796,5
DA:4797,5
DA:4798,5
DA:4799,5
DA:4800,5
DA:4801,5
DA:4802,0
DA:4803,5
DA:4804,5
DA:4805,5
DA:4806,5
DA:4807,5
DA:4808,5
DA:4809,5
DA:4810,5
DA:4811,5
DA:4812,5
DA:4813,5
DA:4814,5
DA:4815,5
DA:4816,5
DA:4817,5
DA:4818,5
DA:4819,5
DA:4820,5
DA:4821,0
DA:4822,5
DA:4823,5
DA:4824,5
DA:4825,5
DA:4826,5
DA:4827,5
DA:4828,5
DA:4829,5
DA:4830,5
DA:4831,5
DA:4832,5
DA:4833,5
DA:4834,5
DA:4835,5
DA:4836,5
DA:4837,5
DA:4838,5
DA:4839,5
DA:4840,5
DA:4841,0
DA:4842,5
DA:4843,5
DA:4844,5
DA:4845,5
DA:4846,5
DA:4847,5
DA:4848,5
DA:4849,5
DA:4850,5
DA:4851,5
DA:4852,5
DA:4853,5
DA:4854,5
DA:4855,5
DA:4856,5
DA:4857,5
DA:4858,5
DA:4859,5
DA:4860,5
DA:4861,0
DA:4862,5
DA:4863,5
DA:4864,5
DA:4865,5
DA:4866,5
DA:4867,5
DA:4868,5
DA:4869,5
DA:4870,5
DA:4871,5
DA:4872,5
DA:4873,5
DA:4874,5
DA:4875,5
DA:4876,5
DA:4877,5
DA:4878,5
DA:4879,5
DA:4880,0
DA:4881,5
DA:4882,5
DA:4883,5
DA:4884,5
DA:4885,5
DA:4886,5
DA:4887,5
DA:4888,5
DA:4889,5
DA:4890,5
DA:4891,5
DA:4892,5
DA:4893,5
DA:4894,5
DA:4895,5
DA:4896,5
DA:4897,5
DA:4898,5
DA:4899,0
DA:4900,5
DA:4901,5
DA:4902,5
DA:4903,5
DA:4904,5
DA:4905,5
DA:4906,5
DA:4907,5
DA:4908,5
DA:4909,5
DA:4910,5
DA:4911,5
DA:4912,5
DA:4913,5
DA:4914,5
DA:4915,5
DA:4916,5
DA:4917,5
DA:4918,0
DA:4919,5
DA:4920,5
DA:4921,5
DA:4922,5
DA:4923,5
DA:4924,5
DA:4925,5
DA:4926,5
DA:4927,5
DA:4928,5
DA:4929,5
DA:4930,5
DA:4931,5
DA:4932,5
DA:4933,5
DA:4934,5
DA:4935,5
DA:4936,5
DA:4937,0
DA:4938,5
DA:4939,5
DA:4940,5
DA:4941,5
DA:4942,5
DA:4943,5
DA:4944,5
DA:4945,5
DA:4946,5
DA:4947,5
DA:4948,5
DA:4949,5
DA:4950,5
DA:4951,5
DA:4952,5
DA:4953,5
DA:4954,5
DA:4955,5
DA:4956,0
DA:4957,5
DA:4958,5
DA:4959,5
DA:4960,5
DA:4961,5
DA:4962,5
DA:4963,5
DA:4964,5
DA:4965,5
DA:4966,5
DA:4967,5
DA:4968,5
DA:4969,5
DA:4970,5
DA:4971,5
DA:4972,5
DA:4973,5
DA:4974,5
DA:4975,0
DA:4976,5
DA:4977,5
DA:4978,5
DA:4979,5
DA:4980,5
DA:4981,5
DA:4982,5
DA:4983,5
DA:4984,5
DA:4985,5
DA:4986,5
DA:4987,5
DA:4988,5
DA:4989,5
DA:4990,5
DA:4991,5
DA:4992,5
DA:4993,5
DA:4994,5
DA:4995,5
DA:4996,0
DA:4997,5
DA:4998,5
DA:4999,5
DA:5000,5
DA:5001,5
DA:5002,5
DA:5003,5
DA:5004,5
DA:5005,5
DA:5006,5
DA:5007,5
DA:5008,5
DA:5009,5
DA:5010,5
DA:5011,5
DA:5012,5
DA:5013,5
DA:5014,5
DA:5015,5
DA:5016,5
DA:5017,5
DA:5018,0
DA:5019,5
DA:5020,5
DA:5021,5
DA:5022,5
DA:5023,5
DA:5024,5
DA:5025,5
DA:5026,5
DA:5027,5
DA:5028,5
DA:5029,5
DA:5030,5
DA:5031,5
DA:5032,5
DA:5033,5
DA:5034,5
DA:5035,5
DA:5036,5
DA:5037,5
DA:5038,5
DA:5039,5
DA:5040,0
DA:5041,5
DA:5042,5
DA:5043,5
DA:5044,5
DA:5045,5
DA:5046,5
DA:5047,5
DA:5048,5
DA:5049,5
DA:5050,5
DA:5051,5
DA:5052,5
DA:5053,5
DA:5054,5
DA:5055,5
DA:5056,5
DA:5057,5
DA:5058,5
DA:5059,5
DA:5060,5
DA:5061,5
DA:5062,5
DA:5063,5
DA:5064,5
DA:5065,0
DA:5066,5
DA:5067,5
DA:5068,5
DA:5069,5
DA:5070,5
DA:5071,5
DA:5072,5
DA:5073,5
DA:5074,5
DA:5075,5
DA:5076,5
DA:5077,5
DA:5078,5
DA:5079,5
DA:5080,5
DA:5081,5
DA:5082,5
DA:5083,5
DA:5084,5
DA:5085,0
DA:5086,5
DA:5087,5
DA:5088,5
DA:5089,5
DA:5090,5
DA:5091,5
DA:5092,5
DA:5093,5
DA:5094,5
DA:5095,5
DA:5096,5
DA:5097,5
DA:5098,5
DA:5099,5
DA:5100,5
DA:5101,5
DA:5102,5
DA:5103,5
DA:5104,5
DA:5105,5
DA:5106,5
DA:5107,0
DA:5108,5
DA:5109,5
DA:5110,5
DA:5111,5
DA:5112,5
DA:5113,5
DA:5114,5
DA:5115,5
DA:5116,5
DA:5117,5
DA:5118,5
DA:5119,5
DA:5120,5
DA:5121,5
DA:5122,5
DA:5123,5
DA:5124,5
DA:5125,5
DA:5126,5
DA:5127,5
DA:5128,5
DA:5129,0
DA:5130,0
DA:5131,5
DA:5132,5
DA:5133,5
DA:5134,5
DA:5135,5
DA:5136,5
DA:5137,5
DA:5138,5
DA:5139,5
DA:5140,5
DA:5141,5
DA:5142,5
DA:5143,5
DA:5144,5
DA:5145,5
DA:5146,5
DA:5147,5
DA:5148,5
DA:5149,5
DA:5150,5
DA:5151,5
DA:5152,5
DA:5153,5
DA:5154,5
DA:5155,5
DA:5156,5
DA:5157,5
DA:5158,5
DA:5159,5
DA:5160,5
DA:5161,5
DA:5162,5
DA:5163,5
DA:5164,5
DA:5165,0
DA:5166,5
DA:5167,5
DA:5168,5
DA:5169,5
DA:5170,5
DA:5171,5
DA:5172,5
DA:5173,5
DA:5174,5
DA:5175,5
DA:5176,5
DA:5177,5
DA:5178,5
DA:5179,5
DA:5180,5
DA:5181,5
DA:5182,5
DA:5183,5
DA:5184,5
DA:5185,5
DA:5186,5
DA:5187,5
DA:5188,5
DA:5189,5
DA:5190,5
DA:5191,5
DA:5192,5
DA:5193,5
DA:5194,5
DA:5195,5
DA:5196,5
DA:5197,5
DA:5198,5
DA:5199,5
DA:5200,5
DA:5201,0
DA:5202,5
DA:5203,5
DA:5204,5
DA:5205,5
DA:5206,5
DA:5207,5
DA:5208,5
DA:5209,5
DA:5210,5
DA:5211,5
DA:5212,5
DA:5213,5
DA:5214,5
DA:5215,5
DA:5216,5
DA:5217,5
DA:5218,5
DA:5219,5
DA:5220,5
DA:5221,5
DA:5222,5
DA:5223,5
DA:5224,5
DA:5225,5
DA:5226,0
DA:5227,5
DA:5228,5
DA:5229,5
DA:5230,5
DA:5231,5
DA:5232,5
DA:5233,5
DA:5234,5
DA:5235,5
DA:5236,5
DA:5237,5
DA:5238,5
DA:5239,5
DA:5240,5
DA:5241,5
DA:5242,5
DA:5243,5
DA:5244,5
DA:5245,5
DA:5246,5
DA:5247,5
DA:5248,5
DA:5249,5
DA:5250,5
DA:5251,0
DA:5252,5
DA:5253,5
DA:5254,5
DA:5255,5
DA:5256,5
DA:5257,5
DA:5258,5
DA:5259,5
DA:5260,5
DA:5261,5
DA:5262,5
DA:5263,5
DA:5264,5
DA:5265,5
DA:5266,5
DA:5267,5
DA:5268,5
DA:5269,5
DA:5270,5
DA:5271,5
DA:5272,5
DA:5273,5
DA:5274,5
DA:5275,5
DA:5276,0
DA:5277,5
DA:5278,5
DA:5279,5
DA:5280,5
DA:5281,5
DA:5282,5
DA:5283,5
DA:5284,5
DA:5285,5
DA:5286,5
DA:5287,5
DA:5288,5
DA:5289,5
DA:5290,5
DA:5291,5
DA:5292,5
DA:5293,5
DA:5294,5
DA:5295,5
DA:5296,5
DA:5297,5
DA:5298,5
DA:5299,5
DA:5300,5
DA:5301,0
DA:5302,0
DA:5303,5
DA:5304,5
DA:5305,5
DA:5306,5
DA:5307,5
DA:5308,5
DA:5309,5
DA:5310,5
DA:5311,5
DA:5312,5
DA:5313,5
DA:5314,5
DA:5315,5
DA:5316,5
DA:5317,5
DA:5318,5
DA:5319,5
DA:5320,5
DA:5321,5
DA:5322,5
DA:5323,5
DA:5324,5
DA:5325,5
DA:5326,5
DA:5327,0
DA:5328,0
DA:5329,5
DA:5330,5
DA:5331,5
DA:5332,5
DA:5333,5
DA:5334,5
DA:5335,5
DA:5336,5
DA:5337,5
DA:5338,5
DA:5339,5
DA:5340,5
DA:5341,5
DA:5342,5
DA:5343,5
DA:5344,5
DA:5345,5
DA:5346,5
DA:5347,5
DA:5348,5
DA:5349,5
DA:5350,5
DA:5351,5
DA:5352,5
DA:5353,0
DA:5354,0
DA:5355,5
DA:5356,5
DA:5357,5
DA:5358,5
DA:5359,5
DA:5360,5
DA:5361,5
DA:5362,5
DA:5363,5
DA:5364,5
DA:5365,5
DA:5366,5
DA:5367,5
DA:5368,5
DA:5369,5
DA:5370,5
DA:5371,5
DA:5372,5
DA:5373,5
DA:5374,5
DA:5375,0
DA:5376,5
DA:5377,5
DA:5378,5
DA:5379,5
DA:5380,5
DA:5381,5
DA:5382,5
DA:5383,5
DA:5384,5
DA:5385,5
DA:5386,5
DA:5387,5
DA:5388,5
DA:5389,5
DA:5390,5
DA:5391,5
DA:5392,5
DA:5393,5
DA:5394,5
DA:5395,5
DA:5396,5
DA:5397,5
DA:5398,0
DA:5399,5
DA:5400,5
DA:5401,5
DA:5402,5
DA:5403,5
DA:5404,5
DA:5405,5
DA:5406,5
DA:5407,5
DA:5408,5
DA:5409,5
DA:5410,5
DA:5411,5
DA:5412,5
DA:5413,5
DA:5414,5
DA:5415,5
DA:5416,5
DA:5417,5
DA:5418,5
DA:5419,0
DA:5420,0
DA:5421,5
DA:5422,5
DA:5423,5
DA:5424,5
DA:5425,5
DA:5426,5
DA:5427,5
DA:5428,5
DA:5429,5
DA:5430,5
DA:5431,5
DA:5432,5
DA:5433,5
DA:5434,5
DA:5435,5
DA:5436,5
DA:5437,5
DA:5438,5
DA:5439,5
DA:5440,5
DA:5441,0
DA:5442,0
DA:5443,5
DA:5444,5
DA:5445,5
DA:5446,5
DA:5447,5
DA:5448,5
DA:5449,5
DA:5450,5
DA:5451,5
DA:5452,5
DA:5453,5
DA:5454,5
DA:5455,5
DA:5456,5
DA:5457,5
DA:5458,5
DA:5459,5
DA:5460,5
DA:5461,0
DA:5462,5
DA:5463,5
DA:5464,5
DA:5465,5
DA:5466,5
DA:5467,5
DA:5468,5
DA:5469,5
DA:5470,5
DA:5471,5
DA:5472,5
DA:5473,5
DA:5474,5
DA:5475,5
DA:5476,5
DA:5477,5
DA:5478,5
DA:5479,5
DA:5480,0
DA:5481,5
DA:5482,5
DA:5483,5
DA:5484,5
DA:5485,5
DA:5486,5
DA:5487,5
DA:5488,5
DA:5489,5
DA:5490,5
DA:5491,5
DA:5492,5
DA:5493,5
DA:5494,5
DA:5495,5
DA:5496,5
DA:5497,5
DA:5498,5
DA:5499,5
DA:5500,5
DA:5501,0
DA:5502,5
DA:5503,5
DA:5504,5
DA:5505,5
DA:5506,5
DA:5507,5
DA:5508,5
DA:5509,5
DA:5510,5
DA:5511,5
DA:5512,5
DA:5513,5
DA:5514,5
DA:5515,5
DA:5516,5
DA:5517,5
DA:5518,5
DA:5519,5
DA:5520,5
DA:5521,0
DA:5522,0
DA:5523,5
DA:5524,5
DA:5525,5
DA:5526,5
DA:5527,5
DA:5528,5
DA:5529,5
DA:5530,5
DA:5531,5
DA:5532,5
DA:5533,5
DA:5534,5
DA:5535,5
DA:5536,5
DA:5537,5
DA:5538,5
DA:5539,5
DA:5540,5
DA:5541,5
DA:5542,5
DA:5543,5
DA:5544,0
DA:5545,0
DA:5546,5
DA:5547,5
DA:5548,5
DA:5549,5
DA:5550,5
DA:5551,5
DA:5552,5
DA:5553,5
DA:5554,5
DA:5555,5
DA:5556,5
DA:5557,5
DA:5558,5
DA:5559,5
DA:5560,5
DA:5561,5
DA:5562,5
DA:5563,5
DA:5564,5
DA:5565,5
DA:5566,5
DA:5567,5
DA:5568,0
DA:5569,0
DA:5570,5
DA:5571,5
DA:5572,5
DA:5573,5
DA:5574,5
DA:5575,5
DA:5576,5
DA:5577,5
DA:5578,5
DA:5579,5
DA:5580,5
DA:5581,5
DA:5582,5
DA:5583,5
DA:5584,5
DA:5585,5
DA:5586,5
DA:5587,5
DA:5588,5
DA:5589,5
DA:5590,0
DA:5591,0
DA:5592,5
DA:5593,5
DA:5594,5
DA:5595,5
DA:5596,5
DA:5597,5
DA:5598,5
DA:5599,5
DA:5600,5
DA:5601,5
DA:5602,5
DA:5603,5
DA:5604,5
DA:5605,5
DA:5606,5
DA:5607,5
DA:5608,5
DA:5609,5
DA:5610,5
DA:5611,5
DA:5612,5
DA:5613,5
DA:5614,0
DA:5615,0
DA:5616,5
DA:5617,5
DA:5618,5
DA:5619,5
DA:5620,5
DA:5621,5
DA:5622,5
DA:5623,5
DA:5624,5
DA:5625,5
DA:5626,5
DA:5627,5
DA:5628,5
DA:5629,5
DA:5630,5
DA:5631,5
DA:5632,5
DA:5633,5
DA:5634,0
DA:5635,0
DA:5636,5
DA:5637,5
DA:5638,5
DA:5639,5
DA:5640,5
DA:5641,5
DA:5642,5
DA:5643,5
DA:5644,5
DA:5645,5
DA:5646,5
DA:5647,5
DA:5648,5
DA:5649,5
DA:5650,5
DA:5651,5
DA:5652,5
DA:5653,5
DA:5654,5
DA:5655,0
DA:5656,0
DA:5657,5
DA:5658,5
DA:5659,5
DA:5660,5
DA:5661,5
DA:5662,5
DA:5663,5
DA:5664,5
DA:5665,5
DA:5666,5
DA:5667,5
DA:5668,5
DA:5669,5
DA:5670,5
DA:5671,5
DA:5672,5
DA:5673,5
DA:5674,5
DA:5675,5
DA:5676,5
DA:5677,0
DA:5678,0
DA:5679,5
DA:5680,5
DA:5681,5
DA:5682,5
DA:5683,5
DA:5684,5
DA:5685,5
DA:5686,5
DA:5687,5
DA:5688,5
DA:5689,5
DA:5690,5
DA:5691,5
DA:5692,5
DA:5693,5
DA:5694,5
DA:5695,5
DA:5696,5
DA:5697,5
DA:5698,5
DA:5699,5
DA:5700,0
DA:5701,0
DA:5702,5
DA:5703,5
DA:5704,5
DA:5705,5
DA:5706,5
DA:5707,5
DA:5708,5
DA:5709,5
DA:5710,5
DA:5711,5
DA:5712,5
DA:5713,5
DA:5714,5
DA:5715,5
DA:5716,5
DA:5717,5
DA:5718,5
DA:5719,5
DA:5720,5
DA:5721,5
DA:5722,0
DA:5723,0
DA:5724,5
DA:5725,5
DA:5726,5
DA:5727,5
DA:5728,5
DA:5729,5
DA:5730,5
DA:5731,5
DA:5732,5
DA:5733,5
DA:5734,5
DA:5735,5
DA:5736,5
DA:5737,5
DA:5738,5
DA:5739,5
DA:5740,5
DA:5741,5
DA:5742,5
DA:5743,5
DA:5744,5
DA:5745,5
DA:5746,5
DA:5747,0
DA:5748,0
DA:5749,5
DA:5750,5
DA:5751,5
DA:5752,5
DA:5753,5
DA:5754,5
DA:5755,5
DA:5756,5
DA:5757,5
DA:5758,5
DA:5759,5
DA:5760,5
DA:5761,5
DA:5762,5
DA:5763,5
DA:5764,5
DA:5765,5
DA:5766,5
DA:5767,5
DA:5768,5
DA:5769,0
DA:5770,0
DA:5771,5
DA:5772,5
DA:5773,5
DA:5774,5
DA:5775,5
DA:5776,5
DA:5777,5
DA:5778,5
DA:5779,5
DA:5780,5
DA:5781,5
DA:5782,5
DA:5783,5
DA:5784,5
DA:5785,5
DA:5786,5
DA:5787,5
DA:5788,5
DA:5789,5
DA:5790,5
DA:5791,0
DA:5792,0
DA:5793,5
DA:5794,5
DA:5795,5
DA:5796,5
DA:5797,5
DA:5798,5
DA:5799,5
DA:5800,5
DA:5801,5
DA:5802,5
DA:5803,5
DA:5804,5
DA:5805,5
DA:5806,5
DA:5807,5
DA:5808,5
DA:5809,5
DA:5810,5
DA:5811,5
DA:5812,5
DA:5813,5
DA:5814,0
DA:5815,0
DA:5816,5
DA:5817,5
DA:5818,5
DA:5819,5
DA:5820,5
DA:5821,5
DA:5822,5
DA:5823,5
DA:5824,5
DA:5825,5
DA:5826,5
DA:5827,5
DA:5828,5
DA:5829,5
DA:5830,5
DA:5831,5
DA:5832,5
DA:5833,5
DA:5834,5
DA:5835,5
DA:5836,5
DA:5837,5
DA:5838,0
DA:5839,0
DA:5840,5
DA:5841,5
DA:5842,5
DA:5843,5
DA:5844,5
DA:5845,5
DA:5846,5
DA:5847,5
DA:5848,5
DA:5849,5
DA:5850,5
DA:5851,5
DA:5852,5
DA:5853,5
DA:5854,5
DA:5855,5
DA:5856,5
DA:5857,5
DA:5858,5
DA:5859,5
DA:5860,5
DA:5861,0
DA:5862,0
DA:5863,5
DA:5864,5
DA:5865,5
DA:5866,5
DA:5867,5
DA:5868,5
DA:5869,5
DA:5870,5
DA:5871,5
DA:5872,5
DA:5873,5
DA:5874,5
DA:5875,5
DA:5876,5
DA:5877,5
DA:5878,5
DA:5879,5
DA:5880,5
DA:5881,5
DA:5882,5
DA:5883,5
DA:5884,5
DA:5885,5
DA:5886,0
DA:5887,0
DA:5888,5
DA:5889,5
DA:5890,5
DA:5891,5
DA:5892,5
DA:5893,5
DA:5894,5
DA:5895,5
DA:5896,5
DA:5897,5
DA:5898,5
DA:5899,5
DA:5900,5
DA:5901,5
DA:5902,5
DA:5903,5
DA:5904,5
DA:5905,5
DA:5906,5
DA:5907,5
DA:5908,5
DA:5909,0
DA:5910,5
DA:5911,5
DA:5912,5
DA:5913,5
DA:5914,5
DA:5915,5
DA:5916,5
DA:5917,5
DA:5918,5
DA:5919,5
DA:5920,5
DA:5921,5
DA:5922,5
DA:5923,5
DA:5924,5
DA:5925,5
DA:5926,5
DA:5927,5
DA:5928,5
DA:5929,5
DA:5930,5
DA:5931,5
DA:5932,5
DA:5933,0
DA:5934,5
DA:5935,5
DA:5936,5
DA:5937,5
DA:5938,5
DA:5939,5
DA:5940,5
DA:5941,5
DA:5942,5
DA:5943,5
DA:5944,5
DA:5945,5
DA:5946,5
DA:5947,5
DA:5948,5
DA:5949,5
DA:5950,5
DA:5951,5
DA:5952,5
DA:5953,5
DA:5954,5
DA:5955,5
DA:5956,5
DA:5957,0
DA:5958,5
DA:5959,5
DA:5960,5
DA:5961,5
DA:5962,5
DA:5963,5
DA:5964,5
DA:5965,5
DA:5966,5
DA:5967,5
DA:5968,5
DA:5969,5
DA:5970,5
DA:5971,5
DA:5972,5
DA:5973,5
DA:5974,5
DA:5975,5
DA:5976,5
DA:5977,5
DA:5978,5
DA:5979,5
DA:5980,5
DA:5981,5
DA:5982,5
DA:5983,5
DA:5984,5
DA:5985,0
DA:5986,0
DA:5987,5
DA:5988,5
DA:5989,5
DA:5990,5
DA:5991,5
DA:5992,5
DA:5993,5
DA:5994,5
DA:5995,5
DA:5996,5
DA:5997,5
DA:5998,5
DA:5999,5
DA:6000,5
DA:6001,5
DA:6002,5
DA:6003,5
DA:6004,5
DA:6005,5
DA:6006,5
DA:6007,5
DA:6008,5
DA:6009,5
DA:6010,0
DA:6011,0
DA:6012,5
DA:6013,5
DA:6014,5
DA:6015,5
DA:6016,5
DA:6017,5
DA:6018,5
DA:6019,5
DA:6020,5
DA:6021,5
DA:6022,5
DA:6023,5
DA:6024,5
DA:6025,5
DA:6026,5
DA:6027,5
DA:6028,5
DA:6029,5
DA:6030,5
DA:6031,5
DA:6032,5
DA:6033,5
DA:6034,5
DA:6035,0
DA:6036,0
DA:6037,5
DA:6038,5
DA:6039,5
DA:6040,5
DA:6041,5
DA:6042,5
DA:6043,5
DA:6044,5
DA:6045,5
DA:6046,5
DA:6047,5
DA:6048,5
DA:6049,5
DA:6050,5
DA:6051,5
DA:6052,5
DA:6053,5
DA:6054,5
DA:6055,5
DA:6056,5
DA:6057,5
DA:6058,5
DA:6059,5
DA:6060,5
DA:6061,5
DA:6062,5
DA:6063,5
DA:6064,0
DA:6065,0
DA:6066,5
DA:6067,5
DA:6068,5
DA:6069,5
DA:6070,5
DA:6071,5
DA:6072,5
DA:6073,5
DA:6074,5
DA:6075,5
DA:6076,5
DA:6077,5
DA:6078,5
DA:6079,5
DA:6080,5
DA:6081,5
DA:6082,5
DA:6083,5
DA:6084,5
DA:6085,5
DA:6086,5
DA:6087,5
DA:6088,5
DA:6089,5
DA:6090,5
DA:6091,0
DA:6092,0
DA:6093,5
DA:6094,5
DA:6095,5
DA:6096,5
DA:6097,5
DA:6098,5
DA:6099,5
DA:6100,5
DA:6101,5
DA:6102,5
DA:6103,5
DA:6104,5
DA:6105,5
DA:6106,5
DA:6107,5
DA:6108,5
DA:6109,5
DA:6110,5
DA:6111,5
DA:6112,5
DA:6113,5
DA:6114,5
DA:6115,5
DA:6116,5
DA:6117,5
DA:6118,0
DA:6119,0
DA:6120,5
DA:6121,5
DA:6122,5
DA:6123,5
DA:6124,5
DA:6125,5
DA:6126,5
DA:6127,5
DA:6128,5
DA:6129,5
DA:6130,5
DA:6131,5
DA:6132,5
DA:6133,5
DA:6134,5
DA:6135,5
DA:6136,5
DA:6137,5
DA:6138,5
DA:6139,5
DA:6140,5
DA:6141,5
DA:6142,5
DA:6143,5
DA:6144,5
DA:6145,0
DA:6146,0
DA:6147,5
DA:6148,5
DA:6149,5
DA:6150,5
DA:6151,5
DA:6152,5
DA:6153,5
DA:6154,5
DA:6155,5
DA:6156,5
DA:6157,5
DA:6158,5
DA:6159,5
DA:6160,5
DA:6161,5
DA:6162,5
DA:6163,5
DA:6164,5
DA:6165,5
DA:6166,5
DA:6167,5
DA:6168,5
DA:6169,5
DA:6170,5
DA:6171,5
DA:6172,0
DA:6173,0
DA:6174,5
DA:6175,5
DA:6176,5
DA:6177,5
DA:6178,5
DA:6179,5
DA:6180,5
DA:6181,5
DA:6182,5
DA:6183,5
DA:6184,5
DA:6185,5
DA:6186,5
DA:6187,5
DA:6188,5
DA:6189,5
DA:6190,5
DA:6191,5
DA:6192,5
DA:6193,5
DA:6194,5
DA:6195,5
DA:6196,5
DA:6197,5
DA:6198,5
DA:6199,5
DA:6200,5
DA:6201,5
DA:6202,5
DA:6203,5
DA:6204,5
DA:6205,5
DA:6206,5
DA:6207,5
DA:6208,0
DA:6209,0
DA:6210,0
DA:6211,0
DA:6212,0
DA:6213,0
DA:6214,0
DA:6215,0
DA:6216,5
DA:6217,5
DA:6218,5
DA:6219,5
DA:6220,5
DA:6221,5
DA:6222,5
DA:6223,5
DA:6224,5
DA:6225,5
DA:6226,5
DA:6227,5
DA:6228,5
DA:6229,5
DA:6230,5
DA:6231,5
DA:6232,5
DA:6233,5
DA:6234,5
DA:6235,5
DA:6236,5
DA:6237,5
DA:6238,5
DA:6239,5
DA:6240,5
DA:6241,5
DA:6242,5
DA:6243,5
DA:6244,5
DA:6245,5
DA:6246,5
DA:6247,5
DA:6248,0
DA:6249,0
DA:6250,0
DA:6251,0
DA:6252,0
DA:6253,0
DA:6254,0
DA:6255,5
DA:6256,5
DA:6257,5
DA:6258,5
DA:6259,5
DA:6260,5
DA:6261,5
DA:6262,5
DA:6263,5
DA:6264,5
DA:6265,5
DA:6266,5
DA:6267,5
DA:6268,5
DA:6269,5
DA:6270,5
DA:6271,5
DA:6272,5
DA:6273,5
DA:6274,5
DA:6275,0
DA:6276,0
DA:6277,0
DA:6278,0
DA:6279,0
DA:6280,0
DA:6281,0
DA:6282,0
DA:6283,0
DA:6284,0
DA:6285,0
DA:6286,0
DA:6287,0
DA:6288,0
DA:6289,0
DA:6290,0
DA:6291,0
DA:6292,0
DA:6293,0
DA:6294,0
DA:6295,0
DA:6296,0
DA:6297,0
DA:6298,0
DA:6299,0
DA:6300,0
DA:6301,0
DA:6302,0
DA:6303,0
DA:6304,0
DA:6305,0
DA:6306,0
DA:6307,0
DA:6308,0
DA:6309,0
DA:6310,0
DA:6311,0
DA:6312,0
DA:6313,0
DA:6314,5
DA:6315,5
DA:6316,5
DA:6317,5
DA:6318,5
DA:6319,5
DA:6320,5
DA:6321,5
DA:6322,5
DA:6323,5
DA:6324,5
DA:6325,5
DA:6326,5
DA:6327,5
DA:6328,5
DA:6329,5
DA:6330,5
DA:6331,5
DA:6332,5
DA:6333,0
DA:6334,5
DA:6335,5
DA:6336,5
DA:6337,5
DA:6338,5
DA:6339,5
DA:6340,5
DA:6341,5
DA:6342,5
DA:6343,5
DA:6344,5
DA:6345,5
DA:6346,5
DA:6347,5
DA:6348,5
DA:6349,5
DA:6350,5
DA:6351,5
DA:6352,5
DA:6353,0
DA:6354,0
DA:6355,5
DA:6356,5
DA:6357,5
DA:6358,5
DA:6359,5
DA:6360,5
DA:6361,5
DA:6362,5
DA:6363,5
DA:6364,5
DA:6365,5
DA:6366,5
DA:6367,5
DA:6368,5
DA:6369,5
DA:6370,5
DA:6371,5
DA:6372,5
DA:6373,5
DA:6374,0
DA:6375,0
DA:6376,5
DA:6377,5
DA:6378,5
DA:6379,5
DA:6380,5
DA:6381,5
DA:6382,5
DA:6383,5
DA:6384,5
DA:6385,5
DA:6386,5
DA:6387,5
DA:6388,5
DA:6389,5
DA:6390,5
DA:6391,5
DA:6392,5
DA:6393,5
DA:6394,5
DA:6395,0
DA:6396,0
DA:6397,5
DA:6398,5
DA:6399,5
DA:6400,5
DA:6401,5
DA:6402,5
DA:6403,5
DA:6404,5
DA:6405,5
DA:6406,5
DA:6407,5
DA:6408,5
DA:6409,5
DA:6410,5
DA:6411,5
DA:6412,5
DA:6413,5
DA:6414,5
DA:6415,5
DA:6416,0
DA:6417,0
DA:6418,5
DA:6419,5
DA:6420,5
DA:6421,5
DA:6422,5
DA:6423,5
DA:6424,5
DA:6425,5
DA:6426,5
DA:6427,5
DA:6428,5
DA:6429,5
DA:6430,5
DA:6431,5
DA:6432,5
DA:6433,5
DA:6434,5
DA:6435,5
DA:6436,5
DA:6437,0
DA:6438,0
DA:6439,5
DA:6440,5
DA:6441,5
DA:6442,5
DA:6443,5
DA:6444,5
DA:6445,5
DA:6446,5
DA:6447,5
DA:6448,5
DA:6449,5
DA:6450,5
DA:6451,5
DA:6452,5
DA:6453,5
DA:6454,5
DA:6455,5
DA:6456,5
DA:6457,5
DA:6458,0
DA:6459,0
DA:6460,5
DA:6461,5
DA:6462,5
DA:6463,5
DA:6464,5
DA:6465,5
DA:6466,5
DA:6467,5
DA:6468,5
DA:6469,5
DA:6470,5
DA:6471,5
DA:6472,5
DA:6473,5
DA:6474,5
DA:6475,5
DA:6476,5
DA:6477,5
DA:6478,5
DA:6479,0
DA:6480,0
DA:6481,5
DA:6482,5
DA:6483,5
DA:6484,5
DA:6485,5
DA:6486,5
DA:6487,5
DA:6488,5
DA:6489,5
DA:6490,5
DA:6491,5
DA:6492,5
DA:6493,5
DA:6494,5
DA:6495,5
DA:6496,5
DA:6497,5
DA:6498,5
DA:6499,5
DA:6500,0
DA:6501,0
DA:6502,5
DA:6503,5
DA:6504,5
DA:6505,5
DA:6506,5
DA:6507,5
DA:6508,5
DA:6509,5
DA:6510,5
DA:6511,5
DA:6512,5
DA:6513,5
DA:6514,5
DA:6515,5
DA:6516,5
DA:6517,5
DA:6518,5
DA:6519,5
DA:6520,5
DA:6521,5
DA:6522,0
DA:6523,0
DA:6524,5
DA:6525,5
DA:6526,5
DA:6527,5
DA:6528,5
DA:6529,5
DA:6530,5
DA:6531,5
DA:6532,5
DA:6533,5
DA:6534,5
DA:6535,5
DA:6536,5
DA:6537,5
DA:6538,5
DA:6539,5
DA:6540,5
DA:6541,5
DA:6542,5
DA:6543,0
DA:6544,0
DA:6545,5
DA:6546,5
DA:6547,5
DA:6548,5
DA:6549,5
DA:6550,5
DA:6551,5
DA:6552,5
DA:6553,5
DA:6554,5
DA:6555,5
DA:6556,5
DA:6557,5
DA:6558,5
DA:6559,5
DA:6560,5
DA:6561,5
DA:6562,5
DA:6563,5
DA:6564,0
DA:6565,0
DA:6566,5
DA:6567,5
DA:6568,5
DA:6569,5
DA:6570,5
DA:6571,5
DA:6572,5
DA:6573,5
DA:6574,5
DA:6575,5
DA:6576,5
DA:6577,5
DA:6578,5
DA:6579,5
DA:6580,5
DA:6581,5
DA:6582,5
DA:6583,5
DA:6584,5
DA:6585,0
DA:6586,0
DA:6587,5
DA:6588,5
DA:6589,5
DA:6590,5
DA:6591,5
DA:6592,5
DA:6593,5
DA:6594,5
DA:6595,5
DA:6596,5
DA:6597,5
DA:6598,5
DA:6599,5
DA:6600,5
DA:6601,5
DA:6602,5
DA:6603,5
DA:6604,5
DA:6605,5
DA:6606,0
DA:6607,0
DA:6608,5
DA:6609,5
DA:6610,5
DA:6611,5
DA:6612,5
DA:6613,5
DA:6614,5
DA:6615,5
DA:6616,5
DA:6617,5
DA:6618,5
DA:6619,5
DA:6620,5
DA:6621,5
DA:6622,5
DA:6623,5
DA:6624,5
DA:6625,5
DA:6626,5
DA:6627,5
DA:6628,0
DA:6629,0
DA:6630,5
DA:6631,5
DA:6632,5
DA:6633,5
DA:6634,5
DA:6635,5
DA:6636,5
DA:6637,5
DA:6638,5
DA:6639,5
DA:6640,5
DA:6641,5
DA:6642,5
DA:6643,5
DA:6644,5
DA:6645,5
DA:6646,5
DA:6647,5
DA:6648,5
DA:6649,5
DA:6650,5
DA:6651,0
DA:6652,0
DA:6653,5
DA:6654,5
DA:6655,5
DA:6656,5
DA:6657,5
DA:6658,5
DA:6659,5
DA:6660,5
DA:6661,5
DA:6662,5
DA:6663,5
DA:6664,5
DA:6665,5
DA:6666,5
DA:6667,5
DA:6668,5
DA:6669,5
DA:6670,5
DA:6671,5
DA:6672,5
DA:6673,0
DA:6674,0
DA:6675,5
DA:6676,5
DA:6677,5
DA:6678,5
DA:6679,5
DA:6680,5
DA:6681,5
DA:6682,5
DA:6683,5
DA:6684,5
DA:6685,5
DA:6686,5
DA:6687,5
DA:6688,5
DA:6689,5
DA:6690,5
DA:6691,5
DA:6692,5
DA:6693,5
DA:6694,5
DA:6695,5
DA:6696,5
DA:6697,0
DA:6698,0
DA:6699,5
DA:6700,5
DA:6701,5
DA:6702,5
DA:6703,5
DA:6704,5
DA:6705,5
DA:6706,5
DA:6707,5
DA:6708,5
DA:6709,5
DA:6710,5
DA:6711,5
DA:6712,5
DA:6713,5
DA:6714,5
DA:6715,5
DA:6716,5
DA:6717,0
DA:6718,5
DA:6719,5
DA:6720,5
DA:6721,5
DA:6722,5
DA:6723,5
DA:6724,5
DA:6725,5
DA:6726,5
DA:6727,5
DA:6728,5
DA:6729,5
DA:6730,5
DA:6731,5
DA:6732,5
DA:6733,5
DA:6734,5
DA:6735,5
DA:6736,5
DA:6737,5
DA:6738,5
DA:6739,0
DA:6740,0
DA:6741,0
DA:6742,0
DA:6743,0
DA:6744,0
DA:6745,5
DA:6746,5
DA:6747,5
DA:6748,5
DA:6749,5
DA:6750,5
DA:6751,5
DA:6752,5
DA:6753,5
DA:6754,5
DA:6755,5
DA:6756,5
DA:6757,5
DA:6758,5
DA:6759,5
DA:6760,5
DA:6761,5
DA:6762,5
DA:6763,5
DA:6764,5
DA:6765,5
DA:6766,5
DA:6767,0
DA:6768,0
DA:6769,0
DA:6770,0
DA:6771,0
DA:6772,0
DA:6773,0
DA:6774,0
DA:6775,0
DA:6776,0
DA:6777,0
DA:6778,5
DA:6779,5
DA:6780,5
DA:6781,5
DA:6782,5
DA:6783,5
DA:6784,5
DA:6785,5
DA:6786,5
DA:6787,5
DA:6788,5
DA:6789,5
DA:6790,5
DA:6791,5
DA:6792,5
DA:6793,5
DA:6794,5
DA:6795,5
DA:6796,5
DA:6797,5
DA:6798,5
DA:6799,0
DA:6800,0
DA:6801,0
DA:6802,0
DA:6803,0
DA:6804,0
DA:6805,0
DA:6806,5
DA:6807,5
DA:6808,5
DA:6809,5
DA:6810,5
DA:6811,5
DA:6812,5
DA:6813,5
DA:6814,5
DA:6815,5
DA:6816,5
DA:6817,5
DA:6818,5
DA:6819,5
DA:6820,5
DA:6821,5
DA:6822,5
DA:6823,5
DA:6824,5
DA:6825,5
DA:6826,5
DA:6827,5
DA:6828,0
DA:6829,0
DA:6830,0
DA:6831,0
DA:6832,0
DA:6833,0
DA:6834,0
DA:6835,0
DA:6836,0
DA:6837,0
DA:6838,0
DA:6839,5
[...]
DA:578,0
DA:579,0
DA:580,0
DA:581,0
DA:582,0
DA:583,0
DA:584,0
DA:585,1
DA:586,1
DA:587,0
DA:588,0
DA:589,0
DA:590,0
DA:591,0
DA:592,0
DA:593,0
DA:594,0
DA:595,0
DA:596,0
DA:597,0
DA:598,0
DA:599,0
DA:600,0
DA:601,0
DA:602,0
DA:603,0
DA:604,0
DA:605,1
DA:606,1
DA:607,7
DA:608,7
DA:609,7
DA:610,7
DA:611,7
DA:612,7
DA:613,7
DA:614,7
DA:615,7
DA:616,7
DA:617,1
DA:618,1
DA:619,1
DA:620,1
DA:621,1
DA:622,1
DA:623,1
DA:624,1
DA:625,1
DA:626,1
DA:627,1
DA:628,1
DA:629,1
DA:630,1
DA:631,1
DA:632,1
DA:633,1
DA:634,1
DA:635,1
DA:636,1
DA:637,1
DA:638,1
DA:639,1
DA:640,1
DA:641,1
DA:642,1
DA:643,1
DA:644,1
DA:645,1
DA:646,1
DA:647,1
DA:648,1
DA:649,1
DA:650,1
DA:651,1
DA:652,1
DA:653,1
DA:654,1
DA:655,1
DA:656,1
DA:657,1
DA:658,1
DA:659,1
DA:660,1
DA:661,1
DA:662,1
DA:663,1
DA:664,1
DA:665,1
DA:666,1
DA:667,1
DA:668,1
DA:669,1
DA:670,1
DA:671,1
DA:672,1
DA:673,1
DA:674,1
DA:675,1
DA:676,1
DA:677,1
DA:678,1
DA:679,1
DA:680,1
DA:681,1
DA:682,1
DA:683,1
DA:684,1
DA:685,1
DA:686,1
DA:687,1
DA:688,1
DA:689,1
DA:690,1
DA:691,1
DA:692,1
DA:693,1
DA:694,1
DA:695,1
DA:696,1
LF:696
LH:549
BRDA:34,0,0,21
BRDA:58,1,0,9
BRDA:61,2,0,0
BRDA:165,3,0,21
BRDA:169,4,0,0
BRDA:185,5,0,61
BRDA:188,6,0,54
BRDA:190,7,0,7
BRDA:195,8,0,7
BRDA:213,9,0,61
BRDA:214,10,0,57
BRDA:234,11,0,4
BRDA:235,12,0,57
BRDA:246,13,0,1
BRDA:250,14,0,0
BRDA:262,15,0,1
BRDA:269,16,0,1
BRDA:270,17,0,0
BRDA:276,18,0,1
BRDA:280,19,0,7
BRDA:301,20,0,0
BRDA:303,21,0,0
BRDA:312,22,0,7
BRDA:319,23,0,7
BRDA:343,24,0,57
BRDA:344,25,0,51
BRDA:346,26,0,6
BRDA:350,27,0,6
BRDA:357,28,0,6
BRDA:364,29,0,6
BRDA:371,30,0,0
BRDA:377,31,0,0
BRDA:381,32,0,0
BRDA:397,33,0,61
BRDA:398,34,0,57
BRDA:398,35,0,57
BRDA:400,36,0,4
BRDA:419,37,0,0
BRDA:450,38,0,4
BRDA:528,39,0,4
BRDA:531,40,0,1
BRDA:537,41,0,1
BRDA:539,42,0,0
BRDA:543,43,0,1
BRDA:606,44,0,7
BRF:45
BRH:34
end_of_record
TN:
SF:src/components/Context.ts
FN:6,Context
FN:21,render
FNF:2
FNH:2
FNDA:21,Context
FNDA:21,render
DA:1,1
DA:2,1
DA:3,1
DA:4,1
DA:5,1
DA:6,21
DA:7,21
DA:8,1
DA:9,1
DA:10,1
DA:11,1
DA:12,1
DA:13,1
DA:14,1
DA:15,1
DA:16,1
DA:17,1
DA:18,1
DA:19,1
DA:20,1
DA:21,1
DA:22,21
DA:23,21
DA:24,21
DA:25,21
DA:26,21
DA:27,21
DA:28,21
DA:29,21
DA:30,21
DA:31,21
DA:32,1
LF:32
LH:32
BRDA:6,0,0,21
BRDA:21,1,0,21
BRF:2
BRH:2
end_of_record
TN:
SF:src/components/Day.ts
FN:7,Day
FN:85,_renderSeparatorMaybe
FN:91,_renderIndicatorValue
FN:95,render
FN:134,_handleSlotChange
FN:149,_getHourIndicator
FNF:6
FNH:6
FNDA:36,Day
FNDA:925,_renderSeparatorMaybe
FNDA:925,_renderIndicatorValue
FNDA:37,render
FNDA:1,_handleSlotChange
FNDA:925,_getHourIndicator
DA:1,2
DA:2,2
DA:3,2
DA:4,2
DA:5,2
DA:6,2
DA:7,36
DA:8,36
DA:9,36
DA:10,36
DA:11,36
DA:12,36
DA:13,2
DA:14,2
DA:15,2
DA:16,2
DA:17,2
DA:18,2
DA:19,2
DA:20,2
DA:21,2
DA:22,2
DA:23,2
DA:24,2
DA:25,2
DA:26,2
DA:27,2
DA:28,2
DA:29,2
DA:30,2
DA:31,2
DA:32,2
DA:33,2
DA:34,2
DA:35,2
DA:36,2
DA:37,2
DA:38,2
DA:39,2
DA:40,2
DA:41,2
DA:42,2
DA:43,2
DA:44,2
DA:45,2
DA:46,2
DA:47,2
DA:48,2
DA:49,2
DA:50,2
DA:51,2
DA:52,2
DA:53,2
DA:54,2
DA:55,2
DA:56,2
DA:57,2
DA:58,2
DA:59,2
DA:60,2
DA:61,2
DA:62,2
DA:63,2
DA:64,2
DA:65,2
DA:66,2
DA:67,2
DA:68,2
DA:69,2
DA:70,2
DA:71,2
DA:72,2
DA:73,2
DA:74,2
DA:75,2
DA:76,2
DA:77,2
DA:78,2
DA:79,2
DA:80,2
DA:81,2
DA:82,2
DA:83,2
DA:84,2
DA:85,2
DA:86,925
DA:87,888
DA:88,37
DA:89,925
DA:90,2
DA:91,2
DA:92,925
DA:93,925
DA:94,2
DA:95,2
DA:96,37
DA:97,37
DA:98,37
DA:99,37
DA:100,37
DA:101,37
DA:102,37
DA:103,37
DA:104,37
DA:105,37
DA:106,37
DA:107,37
DA:108,37
DA:109,37
DA:110,37
DA:111,37
DA:112,37
DA:113,37
DA:114,925
DA:115,925
DA:116,925
DA:117,925
DA:118,925
DA:119,925
DA:120,925
DA:121,925
DA:122,925
DA:123,925
DA:124,37
DA:125,37
DA:126,37
DA:127,37
DA:128,37
DA:129,37
DA:130,37
DA:131,37
DA:132,37
DA:133,2
DA:134,2
DA:135,1
DA:136,1
DA:137,0
DA:138,0
DA:139,1
DA:140,1
DA:141,1
DA:142,1
DA:143,1
DA:144,1
DA:145,1
DA:146,1
DA:147,1
DA:148,2
DA:149,2
DA:150,925
DA:151,888
DA:152,37
DA:153,925
DA:154,2
LF:154
LH:152
BRDA:7,0,0,36
BRDA:85,1,0,925
BRDA:86,2,0,888
BRDA:87,3,0,37
BRDA:91,4,0,925
BRDA:92,5,0,370
BRDA:92,6,0,555
BRDA:95,7,0,37
BRDA:113,8,0,925
BRDA:149,9,0,925
BRDA:150,10,0,888
BRDA:151,11,0,37
BRDA:134,12,0,1
BRDA:136,13,0,0
BRF:14
BRH:13
end_of_record
TN:
SF:src/components/Entry.ts
FN:180,Entry
FN:33,Entry._sumReducer
FN:128,_renderInterval
FN:136,render
FN:153,_displayInterval
FN:186,_handleInteraction
FN:217,menu.addEventListener.once
FNF:7
FNH:6
FNDA:21,Entry
FNDA:4,Entry._sumReducer
FNDA:28,_renderInterval
FNDA:28,render
FNDA:27,_displayInterval
FNDA:5,_handleInteraction
FNDA:0,menu.addEventListener.once
DA:1,2
DA:2,2
DA:3,2
DA:4,2
DA:5,2
DA:6,2
DA:7,2
DA:8,2
DA:9,2
DA:10,2
DA:11,2
DA:12,2
DA:13,2
DA:14,2
DA:15,2
DA:16,2
DA:17,2
DA:18,2
DA:19,2
DA:20,2
DA:21,2
DA:22,2
DA:23,2
DA:24,2
DA:25,2
DA:26,2
DA:27,2
DA:28,2
DA:29,2
DA:30,2
DA:31,2
DA:32,2
DA:33,2
DA:34,2
DA:35,2
DA:36,2
DA:37,2
DA:38,2
DA:39,2
DA:40,2
DA:41,2
DA:42,2
DA:43,2
DA:44,2
DA:45,2
DA:46,2
DA:47,2
DA:48,2
DA:49,2
DA:50,2
DA:51,2
DA:52,2
DA:53,2
DA:54,2
DA:55,2
DA:56,2
DA:57,2
DA:58,2
DA:59,2
DA:60,2
DA:61,2
DA:62,2
DA:63,2
DA:64,2
DA:65,2
DA:66,2
DA:67,2
DA:68,2
DA:69,2
DA:70,2
DA:71,2
DA:72,2
DA:73,2
DA:74,2
DA:75,2
DA:76,2
DA:77,2
DA:78,2
DA:79,2
DA:80,2
DA:81,2
DA:82,2
DA:83,2
DA:84,2
DA:85,2
DA:86,2
DA:87,2
DA:88,2
DA:89,2
DA:90,2
DA:91,2
DA:92,2
DA:93,2
DA:94,2
DA:95,2
DA:96,2
DA:97,2
DA:98,2
DA:99,2
DA:100,2
DA:101,2
DA:102,2
DA:103,2
DA:104,2
DA:105,2
DA:106,2
DA:107,2
DA:108,2
DA:109,2
DA:110,2
DA:111,2
DA:112,2
DA:113,2
DA:114,2
DA:115,2
DA:116,2
DA:117,2
DA:118,2
DA:119,2
DA:120,2
DA:121,2
DA:122,2
DA:123,2
DA:124,2
DA:125,2
DA:126,2
DA:127,2
DA:128,2
DA:129,28
DA:130,1
DA:131,27
DA:132,27
DA:133,28
DA:134,28
DA:135,2
DA:136,2
DA:137,28
DA:138,28
DA:139,28
DA:140,28
DA:141,28
DA:142,28
DA:143,28
DA:144,28
DA:145,28
DA:146,28
DA:147,28
DA:148,28
DA:149,28
DA:150,28
DA:151,28
DA:152,2
DA:153,2
DA:154,27
DA:155,21
DA:156,21
DA:157,6
DA:158,6
DA:159,6
DA:160,6
DA:161,6
DA:162,6
DA:163,6
DA:164,6
DA:165,6
DA:166,6
DA:167,6
DA:168,1
DA:169,27
DA:170,1
DA:171,1
DA:172,5
DA:173,5
DA:174,5
DA:175,5
DA:176,5
DA:177,5
DA:178,27
DA:179,2
DA:180,2
DA:181,21
DA:182,21
DA:183,21
DA:184,21
DA:185,2
DA:186,2
DA:187,5
DA:188,1
DA:189,1
DA:190,4
DA:191,4
DA:192,4
DA:193,4
DA:194,4
DA:195,4
DA:196,1
DA:197,1
DA:198,3
DA:199,3
DA:200,4
DA:201,2
DA:202,2
DA:203,3
DA:204,3
DA:205,3
DA:206,4
DA:207,4
DA:208,4
DA:209,0
DA:210,3
DA:211,4
DA:212,4
DA:213,4
DA:214,4
DA:215,4
DA:216,4
DA:217,4
DA:218,0
DA:219,0
DA:220,0
DA:221,4
DA:222,4
DA:223,4
DA:224,5
DA:225,2
LF:225
LH:221
BRDA:180,0,0,21
BRDA:124,1,0,26
BRDA:128,2,0,28
BRDA:129,3,0,1
BRDA:136,4,0,28
BRDA:153,5,0,27
BRDA:154,6,0,21
BRDA:156,7,0,6
BRDA:167,8,0,1
BRDA:169,9,0,1
BRDA:171,10,0,5
BRDA:174,11,0,20
BRDA:174,12,0,20
BRDA:174,13,0,20
BRDA:33,14,0,4
BRDA:125,15,0,2
BRDA:130,16,0,27
BRDA:142,17,0,26
BRDA:186,18,0,5
BRDA:187,19,0,3
BRDA:187,20,0,2
BRDA:187,21,0,1
BRDA:189,22,0,4
BRDA:195,23,0,1
BRDA:197,24,0,3
BRDA:200,25,0,2
BRDA:202,26,0,3
BRDA:206,27,0,0
BRDA:207,28,0,3
BRDA:208,29,0,0
BRDA:209,30,0,3
BRDA:211,31,0,3
BRF:32
BRH:30
end_of_record
TN:
SF:src/components/Header.ts
FN:7,Header
FN:65,render
FN:118,_dispatchSwitchDate
FN:134,_dispatchSwitchView
FNF:4
FNH:2
FNDA:21,Header
FNDA:26,render
FNDA:0,_dispatchSwitchDate
FNDA:0,_dispatchSwitchView
DA:1,1
DA:2,1
DA:3,1
DA:4,1
DA:5,1
DA:6,1
DA:7,21
DA:8,21
DA:9,1
DA:10,1
DA:11,1
DA:12,1
DA:13,1
DA:14,1
DA:15,1
DA:16,1
DA:17,1
DA:18,1
DA:19,1
DA:20,1
DA:21,1
DA:22,1
DA:23,1
DA:24,1
DA:25,1
DA:26,1
DA:27,1
DA:28,1
DA:29,1
DA:30,1
DA:31,1
DA:32,1
DA:33,1
DA:34,1
DA:35,1
DA:36,1
DA:37,1
DA:38,1
DA:39,1
DA:40,1
DA:41,1
DA:42,1
DA:43,1
DA:44,1
DA:45,1
DA:46,1
DA:47,1
DA:48,1
DA:49,1
DA:50,1
DA:51,1
DA:52,1
DA:53,1
DA:54,1
DA:55,1
DA:56,1
DA:57,1
DA:58,1
DA:59,1
DA:60,1
DA:61,1
DA:62,1
DA:63,1
DA:64,1
DA:65,1
DA:66,26
DA:67,26
DA:68,26
DA:69,26
DA:70,26
DA:71,26
DA:72,25
DA:73,25
DA:74,26
DA:75,26
DA:76,26
DA:77,26
DA:78,26
DA:79,26
DA:80,26
DA:81,26
DA:82,26
DA:83,26
DA:84,26
DA:85,26
DA:86,26
DA:87,26
DA:88,26
DA:89,26
DA:90,26
DA:91,26
DA:92,26
DA:93,26
DA:94,26
DA:95,26
DA:96,26
DA:97,26
DA:98,26
DA:99,26
DA:100,26
DA:101,26
DA:102,26
DA:103,26
DA:104,26
DA:105,26
DA:106,26
DA:107,26
DA:108,26
DA:109,26
DA:110,26
DA:111,26
DA:112,26
DA:113,26
DA:114,26
DA:115,26
DA:116,26
DA:117,1
DA:118,1
DA:119,0
DA:120,0
DA:121,0
DA:122,0
DA:123,0
DA:124,0
DA:125,0
DA:126,0
DA:127,0
DA:128,0
DA:129,0
DA:130,0
DA:131,0
DA:132,0
DA:133,1
DA:134,1
DA:135,0
DA:136,0
DA:137,0
DA:138,0
DA:139,0
DA:140,0
DA:141,0
DA:142,0
DA:143,0
DA:144,0
DA:145,0
DA:146,0
DA:147,0
DA:148,0
DA:149,1
LF:149
LH:121
BRDA:7,0,0,21
BRDA:65,1,0,26
BRDA:66,2,0,23
BRDA:71,3,0,25
BRDA:78,4,0,3
BRDA:81,5,0,3
BRDA:84,6,0,3
BRF:7
BRH:7
end_of_record
TN:
SF:src/components/Menu.ts
FN:15,Menu
FN:81,disconnectedCallback
FN:86,firstUpdated
FN:178,render
FN:93,Menu._handleMinimize
FN:97,Menu._handleClose
FN:105,Menu._handleExport
FNF:7
FNH:6
FNDA:14,Menu
FNDA:14,disconnectedCallback
FNDA:14,firstUpdated
FNDA:19,render
FNDA:4,Menu._handleMinimize
FNDA:1,Menu._handleClose
FNDA:0,Menu._handleExport
DA:1,2
DA:2,2
DA:3,2
DA:4,2
DA:5,2
DA:6,2
DA:7,2
DA:8,2
DA:9,2
DA:10,2
DA:11,2
DA:12,2
DA:13,2
DA:14,2
DA:15,2
DA:16,14
DA:17,14
DA:18,14
DA:19,14
DA:20,14
DA:21,14
DA:22,14
DA:23,14
DA:24,14
DA:25,14
DA:26,14
DA:27,14
DA:28,14
DA:29,14
DA:30,14
DA:31,14
DA:32,14
DA:33,14
DA:34,14
DA:35,14
DA:36,14
DA:37,14
DA:38,14
DA:39,14
DA:40,14
DA:41,14
DA:42,14
DA:43,14
DA:44,14
DA:45,14
DA:46,14
DA:47,14
DA:48,14
DA:49,14
DA:50,14
DA:51,14
DA:52,14
DA:53,14
DA:54,14
DA:55,14
DA:56,14
DA:57,14
DA:58,14
DA:59,14
DA:60,14
DA:61,14
DA:62,14
DA:63,14
DA:64,14
DA:65,14
DA:66,14
DA:67,14
DA:68,14
DA:69,14
DA:70,14
DA:71,14
DA:72,14
DA:73,14
DA:74,14
DA:75,14
DA:76,14
DA:77,14
DA:78,14
DA:79,14
DA:80,14
DA:81,14
DA:82,14
DA:83,14
DA:84,14
DA:85,14
DA:86,14
DA:87,14
DA:88,14
DA:89,14
DA:90,14
DA:91,14
DA:92,14
DA:93,14
DA:94,4
DA:95,4
DA:96,14
DA:97,14
DA:98,1
DA:99,1
DA:100,1
DA:101,1
DA:102,1
DA:103,1
DA:104,14
DA:105,14
DA:106,0
DA:107,0
DA:108,0
DA:109,0
DA:110,0
DA:111,0
DA:112,0
DA:113,0
DA:114,0
DA:115,0
DA:116,0
DA:117,0
DA:118,0
DA:119,0
DA:120,0
DA:121,0
DA:122,0
DA:123,0
DA:124,0
DA:125,0
DA:126,0
DA:127,0
DA:128,0
DA:129,0
DA:130,0
DA:131,0
DA:132,0
DA:133,0
DA:134,0
DA:135,0
DA:136,0
DA:137,0
DA:138,0
DA:139,0
DA:140,0
DA:141,0
DA:142,0
DA:143,0
DA:144,0
DA:145,0
DA:146,0
DA:147,0
DA:148,0
DA:149,0
DA:150,0
DA:151,0
DA:152,0
DA:153,0
DA:154,0
DA:155,0
DA:156,0
DA:157,0
DA:158,0
DA:159,0
DA:160,0
DA:161,0
DA:162,0
DA:163,0
DA:164,0
DA:165,0
DA:166,0
DA:167,0
DA:168,0
DA:169,0
DA:170,0
DA:171,0
DA:172,0
DA:173,0
DA:174,0
DA:175,0
DA:176,0
DA:177,2
DA:178,2
DA:179,19
DA:180,19
DA:181,19
DA:182,19
DA:183,19
DA:184,19
DA:185,19
DA:186,19
DA:187,19
DA:188,19
DA:189,19
DA:190,19
DA:191,19
DA:192,19
DA:193,19
DA:194,19
DA:195,19
DA:196,19
DA:197,19
DA:198,19
DA:199,19
DA:200,19
DA:201,19
DA:202,19
DA:203,19
DA:204,1
DA:205,1
DA:206,1
DA:207,1
DA:208,18
DA:209,19
DA:210,19
DA:211,19
DA:212,19
DA:213,19
DA:214,2
DA:215,2
DA:216,2
LF:216
LH:145
BRDA:15,0,0,14
BRDA:93,1,0,4
BRDA:97,2,0,1
BRDA:81,3,0,14
BRDA:86,4,0,14
BRDA:178,5,0,19
BRDA:184,6,0,3
BRDA:184,7,0,16
BRDA:203,8,0,1
BRDA:207,9,0,18
BRF:10
BRH:10
end_of_record
TN:
SF:src/components/Month.ts
FN:9,Month
FN:68,_isCurrentDate
FN:74,_renderIndicator
FN:93,render
FN:116,_dispatchExpand
FN:138,_handleKeydown
FN:147,_getDaysInMonth
FN:161,_getOffsetOfFirstDayInMonth
FN:170,_getDatesInMonthAsArray
FN:183,_getCalendarArray
FNF:10
FNH:9
FNDA:31,Month
FNDA:1470,_isCurrentDate
FNDA:1470,_renderIndicator
FNDA:35,render
FNDA:1,_dispatchExpand
FNDA:0,_handleKeydown
FNDA:104,_getDaysInMonth
FNDA:35,_getOffsetOfFirstDayInMonth
FNDA:104,_getDatesInMonthAsArray
FNDA:35,_getCalendarArray
DA:1,2
DA:2,2
DA:3,2
DA:4,2
DA:5,2
DA:6,2
DA:7,2
DA:8,2
DA:9,31
DA:10,31
DA:11,31
DA:12,31
DA:13,31
DA:14,31
DA:15,31
DA:16,31
DA:17,31
DA:18,31
DA:19,31
DA:20,2
DA:21,2
DA:22,2
DA:23,2
DA:24,2
DA:25,2
DA:26,2
DA:27,2
DA:28,2
DA:29,2
DA:30,2
DA:31,2
DA:32,2
DA:33,2
DA:34,2
DA:35,2
DA:36,2
DA:37,2
DA:38,2
DA:39,2
DA:40,2
DA:41,2
DA:42,2
DA:43,2
DA:44,2
DA:45,2
DA:46,2
DA:47,2
DA:48,2
DA:49,2
DA:50,2
DA:51,2
DA:52,2
DA:53,2
DA:54,2
DA:55,2
DA:56,2
DA:57,2
DA:58,2
DA:59,2
DA:60,2
DA:61,2
DA:62,2
DA:63,2
DA:64,2
DA:65,2
DA:66,2
DA:67,2
DA:68,2
DA:69,1470
DA:70,1470
DA:71,1470
DA:72,1470
DA:73,2
DA:74,2
DA:75,1470
DA:76,1470
DA:77,1470
DA:78,1470
DA:79,1470
DA:80,1470
DA:81,1470
DA:82,1470
DA:83,1470
DA:84,1470
DA:85,1470
DA:86,35
DA:87,1470
DA:88,1470
DA:89,1470
DA:90,1470
DA:91,1470
DA:92,2
DA:93,2
DA:94,35
DA:95,35
DA:96,35
DA:97,35
DA:98,1470
DA:99,1470
DA:100,1470
DA:101,1470
DA:102,1470
DA:103,1470
DA:104,1470
DA:105,1470
DA:106,1470
DA:107,1470
DA:108,1470
DA:109,35
DA:110,35
DA:111,35
DA:112,35
DA:113,35
DA:114,35
DA:115,2
DA:116,2
DA:117,1
DA:118,1
DA:119,0
DA:120,0
DA:121,1
DA:122,1
DA:123,1
DA:124,0
DA:125,0
DA:126,1
DA:127,1
DA:128,1
DA:129,1
DA:130,1
DA:131,1
DA:132,1
DA:133,1
DA:134,1
DA:135,1
DA:136,1
DA:137,2
DA:138,2
DA:139,0
DA:140,0
DA:141,0
DA:142,0
DA:143,0
DA:144,0
DA:145,0
DA:146,2
DA:147,2
DA:148,104
DA:149,104
DA:150,104
DA:151,104
DA:152,104
DA:153,104
DA:154,104
DA:155,104
DA:156,104
DA:157,104
DA:158,104
DA:159,104
DA:160,2
DA:161,2
DA:162,35
DA:163,35
DA:164,35
DA:165,35
DA:166,35
DA:167,35
DA:168,35
DA:169,2
DA:170,2
DA:171,104
DA:172,104
DA:173,104
DA:174,104
DA:175,104
DA:176,3188
DA:177,3188
DA:178,3188
DA:179,104
DA:180,104
DA:181,104
DA:182,2
DA:183,2
DA:184,35
DA:185,0
DA:186,0
DA:187,35
DA:188,35
DA:189,35
DA:190,35
DA:191,35
DA:192,35
DA:193,35
DA:194,35
DA:195,35
DA:196,34
DA:197,34
DA:198,34
DA:199,34
DA:200,1
DA:201,35
DA:202,35
DA:203,35
DA:204,35
DA:205,35
DA:206,35
DA:207,35
DA:208,35
DA:209,35
DA:210,35
DA:211,35
DA:212,35
DA:213,35
DA:214,35
DA:215,35
DA:216,35
DA:217,35
DA:218,0
DA:219,35
DA:220,35
DA:221,35
DA:222,0
DA:223,0
DA:224,0
DA:225,35
DA:226,2
LF:226
LH:209
BRDA:9,0,0,31
BRDA:68,1,0,1470
BRDA:74,2,0,1470
BRDA:76,3,0,1075
BRDA:85,4,0,35
BRDA:89,5,0,1435
BRDA:93,6,0,35
BRDA:97,7,0,1470
BRDA:147,8,0,104
BRDA:153,9,0,104
BRDA:155,10,0,0
BRDA:161,11,0,35
BRDA:163,12,0,35
BRDA:165,13,0,7
BRDA:170,14,0,104
BRDA:174,15,0,104
BRDA:179,16,0,0
BRDA:175,17,0,3188
BRDA:183,18,0,35
BRDA:184,19,0,0
BRDA:195,20,0,34
BRDA:199,21,0,1
BRDA:217,22,0,0
BRDA:221,23,0,0
BRDA:116,24,0,1
BRDA:118,25,0,0
BRDA:123,26,0,0
BRDA:129,27,0,3
BRDA:165,28,0,28
BRF:29
BRH:22
end_of_record
TN:
SF:src/lib/DirectionalCalendarDateCalculator.ts
FN:22,DirectionalCalendarDateCalculator
FN:35,set date
FN:43,set direction
FN:47,_toCalendarDate
FN:55,getDateByDayInDirection
FN:76,getDateByMonthInDirection
FNF:6
FNH:5
FNDA:36,DirectionalCalendarDateCalculator
FNDA:71,set date
FNDA:71,set direction
FNDA:70,_toCalendarDate
FNDA:0,getDateByDayInDirection
FNDA:70,getDateByMonthInDirection
DA:1,2
DA:2,2
DA:3,2
DA:4,2
DA:5,2
DA:6,2
DA:7,2
DA:8,2
DA:9,2
DA:10,2
DA:11,2
DA:12,2
DA:13,2
DA:14,2
DA:15,2
DA:16,2
DA:17,2
DA:18,2
DA:19,2
DA:20,2
DA:21,2
DA:22,2
DA:23,36
DA:24,36
DA:25,36
DA:26,36
DA:27,36
DA:28,36
DA:29,36
DA:30,35
DA:31,35
DA:32,36
DA:33,36
DA:34,2
DA:35,2
DA:36,71
DA:37,71
DA:38,0
DA:39,0
DA:40,71
DA:41,71
DA:42,2
DA:43,2
DA:44,71
DA:45,71
DA:46,2
DA:47,2
DA:48,70
DA:49,70
DA:50,70
DA:51,70
DA:52,70
DA:53,70
DA:54,2
DA:55,2
DA:56,0
DA:57,0
DA:58,0
DA:59,0
DA:60,0
DA:61,0
DA:62,0
DA:63,0
DA:64,0
DA:65,0
DA:66,0
DA:67,0
DA:68,0
DA:69,0
DA:70,0
DA:71,0
DA:72,0
DA:73,0
DA:74,0
DA:75,2
DA:76,2
DA:77,70
DA:78,0
DA:79,0
DA:80,70
DA:81,70
DA:82,0
DA:83,0
DA:84,70
DA:85,70
DA:86,70
DA:87,70
DA:88,70
DA:89,70
DA:90,0
DA:91,0
DA:92,70
DA:93,70
DA:94,70
DA:95,70
DA:96,2
LF:96
LH:69
BRDA:22,0,0,36
BRDA:29,1,0,35
BRDA:35,2,0,71
BRDA:37,3,0,0
BRDA:43,4,0,71
BRDA:47,5,0,70
BRDA:76,6,0,70
BRDA:77,7,0,0
BRDA:81,8,0,0
BRDA:86,9,0,36
BRDA:86,10,0,34
BRDA:89,11,0,0
BRF:12
BRH:8
end_of_record
TN:
SF:src/lib/getColorTextWithContrast.ts
FN:7,getColorTextWithContrast
FNF:1
FNH:1
FNDA:6,getColorTextWithContrast
DA:1,1
DA:2,1
DA:3,1
DA:4,1
DA:5,1
DA:6,1
DA:7,6
DA:8,6
DA:9,6
DA:10,6
DA:11,6
DA:12,6
DA:13,6
DA:14,6
DA:15,6
DA:16,0
DA:17,0
DA:18,6
DA:19,6
DA:20,6
DA:21,6
DA:22,6
DA:23,6
DA:24,6
DA:25,6
DA:26,6
DA:27,6
DA:28,6
DA:29,6
DA:30,6
DA:31,0
DA:32,0
DA:33,0
DA:34,6
DA:35,6
DA:36,6
DA:37,6
DA:38,0
DA:39,0
DA:40,6
DA:41,0
DA:42,0
DA:43,6
DA:44,6
DA:45,6
DA:46,6
DA:47,6
DA:48,6
DA:49,6
DA:50,6
DA:51,6
DA:52,6
DA:53,6
DA:54,6
DA:55,0
DA:56,6
DA:57,6
DA:58,6
LF:58
LH:48
BRDA:7,0,0,6
BRDA:15,1,0,0
BRDA:20,2,0,0
BRDA:30,3,0,0
BRDA:37,4,0,0
BRDA:40,5,0,0
BRDA:54,6,0,0
BRDA:36,7,0,18
BRF:8
BRH:2
end_of_record
TN:
SF:src/lib/getOverlappingEntitiesIndices.ts
FN:9,getOverlappingEntitiesIndices
FN:32,calculateIndex
FN:44,getNonOverlappingPartitions
FN:69,filterOverlappingPartitions
FN:92,partitionReducer
FN:145,recursiveReduce
FNF:6
FNH:0
FNDA:0,getOverlappingEntitiesIndices
FNDA:0,calculateIndex
FNDA:0,getNonOverlappingPartitions
FNDA:0,filterOverlappingPartitions
FNDA:0,partitionReducer
FNDA:0,recursiveReduce
DA:1,1
DA:2,1
DA:3,1
DA:4,1
DA:5,1
DA:6,1
DA:7,1
DA:8,1
DA:9,0
DA:10,0
DA:11,0
DA:12,0
DA:13,0
DA:14,0
DA:15,0
DA:16,0
DA:17,0
DA:18,0
DA:19,0
DA:20,0
DA:21,0
DA:22,0
DA:23,0
DA:24,1
DA:25,1
DA:26,1
DA:27,1
DA:28,1
DA:29,1
DA:30,1
DA:31,1
DA:32,0
DA:33,0
DA:34,0
DA:35,0
DA:36,0
DA:37,1
DA:38,1
DA:39,1
DA:40,1
DA:41,1
DA:42,1
DA:43,1
DA:44,0
DA:45,0
DA:46,0
DA:47,0
DA:48,0
DA:49,0
DA:50,0
DA:51,0
DA:52,0
DA:53,0
DA:54,0
DA:55,0
DA:56,0
DA:57,0
DA:58,0
DA:59,0
DA:60,0
DA:61,0
DA:62,1
DA:63,1
DA:64,1
DA:65,1
DA:66,1
DA:67,1
DA:68,1
DA:69,0
DA:70,0
DA:71,0
DA:72,0
DA:73,0
DA:74,0
DA:75,0
DA:76,0
DA:77,0
DA:78,0
DA:79,0
DA:80,0
DA:81,0
DA:82,1
DA:83,1
DA:84,1
DA:85,1
DA:86,1
DA:87,1
DA:88,1
DA:89,1
DA:90,1
DA:91,1
DA:92,0
DA:93,0
DA:94,0
DA:95,0
DA:96,0
DA:97,0
DA:98,0
DA:99,0
DA:100,0
DA:101,0
DA:102,0
DA:103,0
DA:104,0
DA:105,0
DA:106,0
DA:107,0
DA:108,0
DA:109,0
DA:110,0
DA:111,0
DA:112,0
DA:113,0
DA:114,0
DA:115,0
DA:116,0
DA:117,0
DA:118,0
DA:119,0
DA:120,0
DA:121,0
DA:122,0
DA:123,0
DA:124,0
DA:125,0
DA:126,0
DA:127,0
DA:128,0
DA:129,0
DA:130,0
DA:131,0
DA:132,0
DA:133,0
DA:134,0
DA:135,1
DA:136,1
DA:137,1
DA:138,1
DA:139,1
DA:140,1
DA:141,1
DA:142,1
DA:143,1
DA:144,1
DA:145,0
DA:146,0
DA:147,0
DA:148,0
DA:149,0
DA:150,0
DA:151,0
DA:152,0
DA:153,0
DA:154,0
DA:155,0
DA:156,0
DA:157,0
DA:158,0
DA:159,0
DA:160,0
DA:161,0
DA:162,0
DA:163,0
DA:164,0
DA:165,0
DA:166,0
DA:167,0
DA:168,0
LF:168
LH:50
BRF:0
BRH:0
end_of_record
TN:
SF:src/lib/getSortedGradingsByIndex.ts
FN:1,rearrangeDepths
FNF:1
FNH:0
FNDA:0,rearrangeDepths
DA:1,0
DA:2,0
DA:3,0
DA:4,0
DA:5,0
DA:6,0
DA:7,0
DA:8,0
DA:9,0
DA:10,0
DA:11,0
DA:12,0
DA:13,0
DA:14,0
DA:15,0
DA:16,0
DA:17,0
DA:18,0
DA:19,0
DA:20,0
DA:21,0
DA:22,0
DA:23,0
LF:23
LH:0
BRF:0
BRH:0
end_of_record
TN:
SF:src/lib/partitionOverlappingIntervals.ts
FN:5,partitionOverlappingIntervals
FNF:1
FNH:0
FNDA:0,partitionOverlappingIntervals
DA:1,1
DA:2,1
DA:3,1
DA:4,1
DA:5,0
DA:6,0
DA:7,0
DA:8,0
DA:9,0
DA:10,0
DA:11,0
DA:12,0
DA:13,0
DA:14,0
DA:15,0
DA:16,0
DA:17,0
DA:18,0
DA:19,0
DA:20,0
DA:21,0
DA:22,0
DA:23,0
DA:24,0
DA:25,0
DA:26,0
DA:27,0
DA:28,0
DA:29,0
DA:30,0
DA:31,0
DA:32,0
DA:33,0
DA:34,0
DA:35,0
DA:36,0
DA:37,0
LF:37
LH:4
BRF:0
BRH:0
end_of_record
TN:
SF:src/locales/Translations.ts
FN:14,Translations
FN:48,get lang
FN:52,set lang
FN:56,getTranslation
FNF:4
FNH:3
FNDA:94,Translations
FNDA:290,get lang
FNDA:0,set lang
FNDA:313,getTranslation
DA:1,3
DA:2,3
DA:3,3
DA:4,3
DA:5,3
DA:6,3
DA:7,3
DA:8,3
DA:9,3
DA:10,3
DA:11,3
DA:12,3
DA:13,3
DA:14,3
DA:15,94
DA:16,94
DA:17,94
DA:18,94
DA:19,94
DA:20,94
DA:21,94
DA:22,94
DA:23,94
DA:24,94
DA:25,94
DA:26,94
DA:27,94
DA:28,94
DA:29,94
DA:30,94
DA:31,94
DA:32,94
DA:33,94
DA:34,94
DA:35,94
DA:36,94
DA:37,94
DA:38,94
DA:39,94
DA:40,94
DA:41,94
DA:42,94
DA:43,94
DA:44,94
DA:45,94
DA:46,94
DA:47,3
DA:48,3
DA:49,290
DA:50,290
DA:51,3
DA:52,3
DA:53,0
DA:54,0
DA:55,3
DA:56,3
DA:57,313
DA:58,23
DA:59,23
DA:60,290
DA:61,313
DA:62,0
DA:63,0
DA:64,290
DA:65,313
DA:66,3
LF:66
LH:62
BRDA:14,0,0,94
BRDA:48,1,0,290
BRDA:56,2,0,313
BRDA:57,3,0,23
BRDA:59,4,0,290
BRDA:61,5,0,0
BRDA:63,6,0,290
BRF:7
BRH:6
end_of_record
